# callgrind format
version: 1
creator: callgrind-3.18.1
pid: 66635
cmd:  ./example3 3 reference.dat 0 0
part: 1


desc: I1 cache: 
desc: D1 cache: 
desc: LL cache: 

desc: Timerange: Basic block 0 - 10640400
desc: Trigger: Program termination

positions: line
events: Ir
summary: 51441980


ob=(2) ???
fl=(51) ???
fn=(864) 0x000000000483f334
0 3
cob=(5) /usr/libexec/valgrind/vgpreload_core-amd64-linux.so
cfi=(163) ???
cfn=(866) 0x00000000000010e0
calls=1 0 
0 105
0 2

fn=(602) 0x00000000049626d0
0 2
cob=(1) /usr/lib/x86_64-linux-gnu/ld-linux-x86-64.so.2
cfi=(49) ./elf/./elf/dl-audit.c
cfn=(606) _dl_audit_preinit
calls=1 117 
0 5
cob=(1)
cfi=(159) ./elf/../sysdeps/x86_64/dl-trampoline.h
cfn=(522) _dl_runtime_resolve_xsave
calls=1 67 
0 868
0 5

fn=(652) 0x0000000004962380
0 2
cob=(3) /usr/lib/x86_64-linux-gnu/libc.so.6
cfi=(186) ./malloc/./malloc/malloc.c
cfn=(654) malloc
calls=1 3287 
0 1813

fn=(780) 0x0000000004962620
0 12
cob=(3)
cfi=(193) ./string/../sysdeps/x86_64/multiarch/memmove-vec-unaligned-erms.S
cfn=(690) __memcpy_avx_unaligned_erms
calls=6 307 
0 66

fn=(572) 0x0000000004861000
0 7

fn=(902) 0x00000000048dc8c8
0 4

fn=(164) 0x0000000004002050
0 12
cob=(1)
cfi=(52) ./elf/./elf/dl-error-skeleton.c
cfn=(166) _dl_catch_exception
calls=6 175 
0 15110

fn=(844) 0x0000000000109140
0 1
cob=(3)
cfi=(230) ./stdlib/./stdlib/cxa_finalize.c
cfn=(846) __cxa_finalize
calls=1 30 
0 72

fn=(544) 0x000000000483f000
0 6
cob=(5)
cfi=(163)
cfn=(548) 0x0000000000001170
calls=1 0 
0 12
0 1
cob=(5)
cfi=(163)
cfn=(556) 0x00000000000012f0
calls=1 0 
0 5
0 2

fn=(686) 0x00000000049623e0
0 321112
cob=(3)
cfi=(193)
cfn=(688) __mempcpy_avx_unaligned_erms
calls=160556 294 
0 3103909

fn=(892) 0x00000000048611e0
0 2
cob=(3)
cfi=(230)
cfn=(846)
calls=1 30 
0 72

fn=(632) 0x00000000049624d0
0 214044
cob=(3)
cfi=(179) ./string/../sysdeps/x86_64/multiarch/strchr-avx2.S
cfn=(634) __strchrnul_avx2
calls=107022 51 
0 2033454

fn=(746) 0x0000000004962490
0 44
cob=(3)
cfi=(212) ./string/../sysdeps/x86_64/multiarch/strlen-avx2.S
cfn=(748) __strlen_avx2
calls=22 50 
0 308

fn=(860) 0x0000000000110f00
0 4

fn=(160) 0x0000000004002080
0 2
cob=(1)
cfi=(52)
cfn=(162) _dl_catch_error
calls=1 225 
0 2782

fn=(516) 0x0000000004962650
0 38
cob=(1)
cfi=(10) ./elf/./elf/dl-tunables.c
cfn=(24) __tunable_get_val
calls=19 405 
0 391
cob=(1)
cfi=(159)
cfn=(522)
calls=1 67 
0 857
0 5

fn=(566) 0x00000000049625f0
0 2
cob=(3)
cfi=(166) ./string/../sysdeps/x86_64/multiarch/strrchr-avx2.S
cfn=(568) __strrchr_avx2
calls=1 46 
0 28

fn=(592) 0x0000000000109000
0 7

fn=(872) 0x000000000483f040
0 2
cob=(3)
cfi=(230)
cfn=(846)
calls=1 30 
0 72

ob=(5)
fl=(163)
fn=(866)
0 11
cob=(2)
cfi=(51)
cfn=(872)
calls=1 0 
0 74
0 10
cfn=(878) 0x0000000000001070
calls=1 0 
0 5
0 5

fn=(878)
0 5

fn=(556)
0 5

fn=(548)
0 12

ob=(6) /home/xwang258/CSC512_dev_repo/example3
fl=(169) ???
fn=(584) (below main)
0 12
cob=(3)
cfi=(170) ./csu/../csu/libc-start.c
cfn=(586) __libc_start_main@@GLIBC_2.34
calls=1 242 
0 51286358

fn=(854) 0x0000000000001180
0 5

fn=(596) 0x0000000000001230
0 12

fn=(838) 0x00000000000011f0
0 9
cob=(2)
cfi=(51)
cfn=(844)
calls=1 0 
0 73
0 1
cfn=(854)
calls=1 0 
0 5
0 3

fn=(620) logbranch
0 427936
cob=(3)
cfi=(177) ./stdio-common/./stdio-common/printf.c
cfn=(628) printf
calls=53492 28 
0 46399608
cob=(1)
cfi=(159)
cfn=(522)
calls=1 67 
0 731
0 53496
0 160476

fl=(176) /home/xwang258/CSC512_dev_repo/example3.c
fn=(710) MAIN_printInfo
339 4
+1 4
cob=(3)
cfi=(193)
cfn=(690)
calls=1 -33 
* 22
cob=(1)
cfi=(159)
cfn=(522)
calls=1 67 
* 837
* 5
+1 4
cob=(3)
cfi=(193)
cfn=(690)
calls=1 -34 
* 22
* 1
+9 6
+1 14
+1 5
cfi=(169)
cfn=(620)
calls=1 0 
* 876
* 3
0 5
342 10
cob=(3)
cfi=(177)
cfn=(628)
calls=1 28 
* 12655
* 1
+12 3

fn=(752) MAIN_initialize
358 4
+1 2
cfn=(754) LBM_allocateGrid
calls=1 +69 
* 3812
+1 2
cfn=(754)
calls=1 +68 
* 3102
+2 2
cfn=(764) LBM_initializeGrid
calls=1 +94 
* 1712788
+1 2
cfn=(764)
calls=1 +93 
* 1712788
+2 3
+4 2
cfi=(169)
cfn=(620)
calls=1 0 
* 876
* 1
+3 3
+5 2
cfi=(169)
cfn=(620)
calls=1 0 
* 876
* 2
cfn=(766) LBM_initializeSpecialCellsForLDC
calls=1 518 
* 11236055
+1 2
cfn=(766)
calls=1 518 
* 11236055
+3 2
cfn=(768) LBM_showGridStatistics
calls=1 1009 
* 6731194
+1 3

fn=(754)
428 8
+1 2
+1 2
+2 4
cob=(3)
cfi=(186)
cfn=(654)
calls=2 3287 
* 580
cob=(1)
cfi=(159)
cfn=(522)
calls=1 67 
* 706
* 6
* 6
+1 6
+5 4
cfi=(169)
cfn=(620)
calls=2 0 
* 1752
* 2
+2 8
cob=(3)
cfi=(177)
cfn=(628)
calls=2 28 
* 3812
* 2
+2 8
+1 6

fn=(812) MAIN_finalize
386 4
+1 2
cfn=(768)
calls=1 1009 
* 6754673
+2 3
+3 2
cfi=(169)
cfn=(620)
calls=1 0 
* 876
* 1
+2 3
+3 2
cfi=(169)
cfn=(620)
calls=1 0 
* 876
* 1
+3 2
cfn=(814) LBM_freeGrid
calls=1 +47 
* 759
+1 2
cfn=(814)
calls=1 +46 
* 81
+1 3

fn=(806) LBM_performStreamCollideTRT
710 15
+5 6
+5 7809
+1 7800
cfi=(169)
cfn=(620)
calls=3900 0 
* 3416400
* 31200
+1 3576
cfi=(169)
cfn=(620)
calls=1788 0 
* 1566288
* 17880
+1 17880
+1 17880
+1 17880
+1 17880
+1 17880
+1 17880
+1 17880
+1 17880
+1 17880
+1 17880
+1 17880
+1 17880
+1 17880
+1 17880
+1 17880
+1 17880
+1 17880
+1 17880
+1 1788
+3 4224
cfi=(169)
cfn=(620)
calls=2112 0 
* 1850112
* 21120
+1 21120
+1 21120
+1 21120
+1 21120
+1 21120
+1 21120
+1 21120
+1 21120
+1 10560
-9 2112
+11 21120
+1 21120
+1 21120
+1 21120
+1 21120
-4 2112
+5 21120
+1 21120
+1 21120
+1 21120
+1 21120
-4 2112
+5 21120
+1 21120
+1 21120
+1 21120
+1 21120
-4 2112
+6 8448
+1 8448
+1 8448
+2 16896
+1 432
cfi=(169)
cfn=(620)
calls=216 0 
* 189216
* 432
+1 432
+1 432
+3 432
cfi=(169)
cfn=(620)
calls=216 0 
* 189216
* 3792
cfi=(169)
cfn=(620)
calls=1896 0 
* 1660896
* 27456
+2 12672
+1 25344
+1 25344
+1 25344
+1 31680
+1 48576
+1 31680
+1 31680
+1 31680
+1 31680
+2 4224
+1 23232
+1 23232
+1 23232
+1 27456
+1 35904
+1 27456
+1 27456
+1 27456
+1 27456
+2 12672
+1 29568
+1 29568
+1 29568
+1 29568
+1 29568
+1 29568
+1 29568
+1 29568
+1 29568
+2 4224
+1 38016
+1 38016
+1 38016
+1 38016
+1 38016
+1 38016
+1 38016
+1 38016
+1 38016
+2 31680
+1 42240
+1 42240
+1 42240
+1 42240
+1 42240
+1 42240
+1 42240
+1 42240
+1 42240
+1 42240
+1 42240
+1 42240
+1 42240
+1 42240
+1 42240
+1 42240
+1 42240
+1 42240
720 15600
847 6
cfi=(169)
cfn=(620)
calls=3 0 
* 2628
* 9

fn=(616) main
257 6
+5 4
cfn=(618) MAIN_parseCommandLine
calls=1 +29 
* 6584
+1 2
cfn=(710)
calls=1 +76 
* 14477
+1 2
cfn=(752)
calls=1 +94 
* 32637578
+1 2
cfn=(786) MAIN_startClock
calls=1 406 
* 1538
+3 13
+1 6
cfi=(169)
cfn=(620)
calls=3 0 
* 2565
* 6
+4 6
cfi=(169)
cfn=(620)
calls=3 0 
* 2565
* 9
cfn=(806)
calls=3 710 
* 11847981
+1 9
cfn=(808) LBM_swapGrids
calls=3 487 
* 48
+2 9
+1 6
+4 6
cfi=(169)
cfn=(620)
calls=3 0 
* 2565
-13 12
+15 2
cfi=(169)
cfn=(620)
calls=1 0 
* 855
* 3
cfn=(810) MAIN_stopClock
calls=1 414 
* 9501
+1 2
cfn=(812)
calls=1 386 
* 6757290
+2 4

fn=(618)
291 6
+3 2
+4 2
cfi=(169)
cfn=(620)
calls=1 0 
* 3765
* 1
+2 2
+4 2
cfi=(169)
cfn=(620)
calls=1 0 
* 876
* 1
+3 3
cob=(3)
cfi=(196) ./stdlib/./stdlib/atoi.c
cfn=(704) atoi
calls=1 26 
* 113
cob=(1)
cfi=(159)
cfn=(522)
calls=1 67 
* 682
* 5
* 3
+1 4
+1 3
cob=(3)
cfi=(196)
cfn=(704)
calls=1 26 
* 109
* 1
* 3
+1 3
cob=(3)
cfi=(196)
cfn=(704)
calls=1 26 
* 109
* 1
* 3
+2 2
+21 2
cfi=(169)
cfn=(620)
calls=1 0 
* 876
* 2
+2 3

fn=(766)
518 8
+3 74
+1 68
cfi=(169)
cfn=(620)
calls=34 0 
* 29784
* 782
+1 680
cfi=(169)
cfn=(620)
calls=340 0 
* 297840
* 7820
+1 6800
cfi=(169)
cfn=(620)
calls=3400 0 
* 2978400
* 6800
+1 680
cfi=(169)
cfn=(620)
calls=340 0 
* 297840
* 5780
+1 340
+2 6120
cfi=(169)
cfn=(620)
calls=3060 0 
* 2680560
* 6120
+1 680
cfi=(169)
cfn=(620)
calls=340 0 
* 297840
* 5780
+1 340
+2 5440
cfi=(169)
cfn=(620)
calls=2720 0 
* 2382720
* 5440
+1 544
cfi=(169)
cfn=(620)
calls=272 0 
* 238272
* 4624
+1 272
+2 4896
cfi=(169)
cfn=(620)
calls=2448 0 
* 2144448
* 4896
+1 544
cfi=(169)
cfn=(620)
calls=272 0 
* 238272
* 4624
+1 272
+2 4352
cfi=(169)
cfn=(620)
calls=2176 0 
* 1906176
* 4352
+1 256
cfi=(169)
cfn=(620)
calls=128 0 
* 114560
* 2176
+1 128
+2 4096
cfi=(169)
cfn=(620)
calls=2048 0 
* 1832960
* 4096
+1 256
cfi=(169)
cfn=(620)
calls=128 0 
* 114560
* 2176
+1 128
+2 3840
cfi=(169)
cfn=(620)
calls=1920 0 
* 1718400
* 3840
+1 256
cfi=(169)
cfn=(620)
calls=128 0 
* 114560
* 256
+1 224
cfi=(169)
cfn=(620)
calls=112 0 
* 100240
* 224
+1 192
cfi=(169)
cfn=(620)
calls=96 0 
* 85920
* 192
+1 168
cfi=(169)
cfn=(620)
calls=84 0 
* 75180
* 168
+1 144
cfi=(169)
cfn=(620)
calls=72 0 
* 64440
* 1224
+2 144
cfi=(169)
cfn=(620)
calls=72 0 
* 64440
* 24
cfi=(169)
cfn=(620)
calls=12 0 
* 10740
+1 192
cfi=(169)
cfn=(620)
calls=96 0 
* 85920
+1 224
cfi=(169)
cfn=(620)
calls=112 0 
* 100240
+1 256
cfi=(169)
cfn=(620)
calls=128 0 
* 114560
* 128
+2 3584
cfi=(169)
cfn=(620)
calls=1792 0 
* 1603840
* 3584
+1 256
cfi=(169)
cfn=(620)
calls=128 0 
* 114560
* 256
+1 224
cfi=(169)
cfn=(620)
calls=112 0 
* 100240
* 224
+1 192
cfi=(169)
cfn=(620)
calls=96 0 
* 85920
* 192
+1 168
cfi=(169)
cfn=(620)
calls=84 0 
* 75180
* 168
+1 144
cfi=(169)
cfn=(620)
calls=72 0 
* 64440
* 1224
+2 144
cfi=(169)
cfn=(620)
calls=72 0 
* 64440
* 24
cfi=(169)
cfn=(620)
calls=12 0 
* 10740
+1 192
cfi=(169)
cfn=(620)
calls=96 0 
* 85920
+1 224
cfi=(169)
cfn=(620)
calls=112 0 
* 100240
+1 256
cfi=(169)
cfn=(620)
calls=128 0 
* 114560
* 128
+2 3328
cfi=(169)
cfn=(620)
calls=1664 0 
* 1489280
-49 13600
+50 680
cfi=(169)
cfn=(620)
calls=340 0 
* 297840
-51 1360
+52 68
cfi=(169)
cfn=(620)
calls=34 0 
* 29784
-53 136
+54 4
cfi=(169)
cfn=(620)
calls=2 0 
* 1752
* 6

fn=(768)
1009 8
+1 2
+1 2
+1 2
+2 8
+1 8
+1 4
+4 5206
+1 5200
cfi=(169)
cfn=(620)
calls=2600 0 
* 2277600
* 26000
+1 26000
+1 26000
+1 26000
+1 26000
+1 26000
+1 26000
+1 26000
+1 26000
+1 13000
-9 2600
+10 10428
cfi=(169)
cfn=(620)
calls=14 0 
* 12264
* 28
+1 28
cfi=(169)
cfn=(620)
calls=14 0 
* 12264
* 5172
cfi=(169)
cfn=(620)
calls=2586 0 
* 2265336
* 7834
cfi=(169)
cfn=(620)
calls=17 0 
* 14892
* 34
+1 34
cfi=(169)
cfn=(620)
calls=17 0 
* 14892
* 5166
cfi=(169)
cfn=(620)
calls=2583 0 
* 2262708
* 7800
+2 20800
+1 2384
cfi=(169)
cfn=(620)
calls=1192 0 
* 1044192
* 3576
+1 1192
+2 2816
cfi=(169)
cfn=(620)
calls=1408 0 
* 1233408
* 11264
+1 288
cfi=(169)
cfn=(620)
calls=144 0 
* 126144
* 576
+2 2528
cfi=(169)
cfn=(620)
calls=1264 0 
* 1107264
* 3792
+2 12640
+1 12640
+1 12640
+1 12640
+1 12640
-4 1264
+5 7584
-5 1440
+1 1440
+1 1440
+1 1440
+1 1440
-4 144
+5 6352
+1 12640
+1 12640
+1 12640
+1 12640
-4 1264
+5 12640
+1 6320
-6 144
+1 1440
+1 1440
+1 1440
+1 1440
-4 144
+5 1440
+1 7472
+1 12640
+1 12640
+1 12640
-4 1264
+5 17696
+1 5056
-5 288
+1 1440
+1 1440
+1 1440
-4 144
+5 2016
+1 608
cfi=(169)
cfn=(620)
calls=16 0 
* 14016
* 48
+1 2784
cfi=(169)
cfn=(620)
calls=1392 0 
* 1219392
* 1392
+2 4254
cfi=(169)
cfn=(620)
calls=15 0 
* 13140
* 45
+1 2786
cfi=(169)
cfn=(620)
calls=1393 0 
* 1220268
* 1393
0 1408
1067 2600
-47 10400
+53 4
cfi=(169)
cfn=(620)
calls=2 0 
* 1752
* 12
+1 12
+1 4
cob=(4) /usr/lib/x86_64-linux-gnu/libm.so.6
cfi=(214) ./math/./math/w_sqrt_compat.c
cfn=(774) sqrt
calls=2 34 
* 16
cob=(1)
cfi=(159)
cfn=(522)
calls=1 67 
* 647
* 6
* 6
cob=(4)
cfi=(214)
cfn=(774)
calls=2 34 
* 16
* 2
* 16
-6 6
cob=(3)
cfi=(177)
cfn=(628)
calls=2 28 
* 31890
* 2
+7 6

fn=(810)
414 5
+1 3
cob=(3)
cfi=(223) ./posix/../sysdeps/unix/sysv/linux/times.c
cfn=(804) times
calls=1 25 
* 9
* 1
* 3
+4 7
+1 7
+1 4
+1 1
-1 1
+1 2
-1 1
+1 2
+1 7
+1 4
+1 5
-1 1
+1 2
-8 3
cob=(3)
cfi=(177)
cfn=(628)
calls=1 28 
* 9429
* 1
+9 3

fn=(764)
456 8
+4 6806
+1 6800
cfi=(169)
cfn=(620)
calls=3400 0 
* 2978400
* 20400
+1 20400
+1 20400
+1 20400
+1 20400
+1 20400
+1 20400
+1 20400
+1 20400
+1 20400
+1 20400
+1 20400
+1 20400
+1 20400
+1 20400
+1 20400
+1 20400
+1 20400
+1 20400
+2 30600
-21 13600
+23 4
cfi=(169)
cfn=(620)
calls=2 0 
* 1752
* 6

fn=(814)
447 8
+1 2
+2 8
cob=(3)
cfi=(186)
cfn=(820) free
calls=2 3352 
* 132
cob=(1)
cfi=(159)
cfn=(522)
calls=1 67 
* 674
* 6
+1 4
+1 6

fn=(786)
406 4
+1 2
cob=(3)
cfi=(219) ./posix/../sysdeps/unix/sysv/linux/x86/sysconf.c
cfn=(792) sysconf
calls=1 32 
* 56
cob=(1)
cfi=(159)
cfn=(522)
calls=1 67 
* 721
* 5
* 5
+1 3
cob=(3)
cfi=(223)
cfn=(804)
calls=1 25 
* 9
cob=(1)
cfi=(159)
cfn=(522)
calls=1 67 
* 722
* 5
* 3
+1 3

fn=(808)
487 12
+1 9
+1 12
+1 9
+1 6

ob=(1)
fl=(19) ./elf/../sysdeps/x86/dl-cacheinfo.h
fn=(52) get_common_cache_info.constprop.0
481 1
+17 1
-17 4
+16 1
-16 1
+15 1
-15 3
+18 1
-1 1
+9 2
+3 3
+11 1
-11 1
-5 1
+21 3
+4 2
681 4
+1 5
+4 2
+9 2
-2 1
+2 2
-1 1
+1 3
535 6
+3 8
+7 2
-7 9
+7 6
+3 26
+14 2
+4 1
+3 1
+1 1
-4 2
+3 3
+6 2
-37 6
+15 2
+4 1
+1 1
-1 2
+18 2
-68 6
+74 4
+8 7
+2 2
+4 3
+2 1
+2 5
-4 1
+16 1
-16 3
+21 2
-21 4
+3 1
+1 4
-4 1
+6 4
+3 2
+5 1
+2 2
+1 1
+1 1
-2 2
+1 1
-19 5
+46 2
+1 1
+1 2
+2 2
-1 3
-23 2
+7 1
+2 2
-16 1
+22 1
-6 2
+1 1
+5 1

fn=(46) handle_intel.constprop.0
255 24
-5 24
+16 12
-16 72
+13 12
+1 36
-3 24
+11 60
+5 24
+2 12
+1 12
-1 12
+5 48
cfn=(48) intel_check_word.constprop.0
calls=12 123 
* 3876
+2 24
+3 60
cfn=(48)
calls=12 123 
* 1156
+2 24
+3 5
cfn=(48)
calls=1 123 
* 20
+2 2
+3 5
cfn=(48)
calls=1 123 
* 255
+2 2
-35 3
+39 3
+5 96

fn=(48)
123 78
-4 78
+10 104
-10 26
+10 52
+2 52
+71 200
-71 102
+2 63
+2 126
+8 126
+51 102
+22 51
fi=(20) ./elf/../bits/stdlib-bsearch.h
28 51
-1 102
+4 102
+1 51
fe=(19)
+78 102
fi=(20)
-79 76
+1 38
fe=(19)
+78 76
+3 345
fi=(20)
-84 820
+2 512
+1 256
fe=(19)
+78 512
+15 15
246 104
fi=(20)
37 63
-8 151
fe=(19)
155 36
+3 36
-6 54
+3 14
+9 14
+23 19
-32 57
+3 57
+4 50
+2 100
+2 50
+2 36
+4 11
+2 22
+6 14
+3 8
+1 12
-8 4
+2 4
-1 4
-1 4
+2 8
-2 4
+3 12
-2 12
+2 8
-10 24
+1 10
+11 12
-26 4
+9 4
+23 2
-32 6
+3 6
+4 8
+2 16
+2 8
-11 3
+7 6
+2 12

fl=(148) ./elf/./dl-find_object.h
fn=(484) _dl_find_object_from_map
95 10
+1 10
+1 5
+6 25
+1 145
+1 100
+2 15
+5 5

fl=(36) ./posix/../sysdeps/unix/syscall-template.S
fn=(102) uname
120 5
+2 1

fl=(16) ./elf/../sysdeps/x86/cpu-features.c
fn=(40) update_active.constprop.0
43 7
+45 1
-41 1
+28 1
-18 1
+31 1
+4 1
-36 1
-1 1
+37 1
-26 1
-11 1
+1 1
+36 2
+1 1
-17 1
-21 1
+25 1
-4 1
-11 1
+28 1
-1 1
-36 1
+18 1
+19 1
-13 1
-4 1
-11 1
+19 1
+11 1
-3 1
-12 1
+14 1
-29 1
+18 1
+9 1
-18 1
+13 1
-13 1
-9 1
+29 2
+3 1
-14 1
-9 1
+9 1
+4 1
+10 1
-17 1
+7 1
+5 1
+5 1
+1 1
-1 1
+1 2
+2 2
+1 4
+3 1
+1 1
-1 1
+1 1
-1 1
+1 1
-1 1
+1 1
+4 2
+4 2
+2 4
+83 3
+12 2
+1 1
+3 3
+4 1
-4 1
+4 1
+67 3
+4 3
fi=(18) ./elf/../sysdeps/x86/get-isa-level.h
31 1
-3 1
+3 1
-1 2
fe=(16)
296 1
+1 8
-75 3
+1 2
+3 1
-1 1
+9 1
-5 1
+2 1
-2 1
+5 1
fi=(18)
32 3
+4 3
fe=(16)
+83 2
+2 1
+3 2
+10 1
+10 1
-10 1
+10 1
-10 1
+6 1
+4 1
-4 1
-6 1
+6 1
+2 1
-2 1
+2 3
+7 4
fi=(18)
39 3
+1 4
+5 1
-7 1
+7 3
+2 1
+1 2
+1 3
+2 4
+1 2
+1 2
+6 1
-4 1
+4 1
-3 2
fe=(16)
+75 1
-5 2
+4 1

fn=(34) init_cpu_features.constprop.0
399 1
+16 1
-16 6
+3 1
+1 1
+1 1
+11 2
+3 6
593 1
+94 5
+1 1
+3 2
+1 1
+6 1
+3 1
fi=(19)
+5 1
+2 1
fe=(16)
-9 1
fi=(19)
+23 2
840 1
+46 1
-46 17
+45 2
+25 2
+21 2
-21 2
+13 3
+8 1
-8 1
+8 1
cfi=(10)
cfn=(24)
calls=1 405 
* 21
* 1
+2 2
+3 4
cfi=(10)
cfn=(24)
calls=1 405 
* 21
* 1
+2 1
+3 2
-3 2
+3 1
-3 1
+3 1
cfi=(10)
cfn=(24)
calls=1 405 
* 21
* 1
+1 5
+16 2
-12 5
cfi=(10)
cfn=(24)
calls=1 405 
* 21
* 1
+1 3
+23 1
-17 5
+3 3
-3 1
cfi=(10)
cfn=(24)
calls=1 405 
* 21
+3 3
-3 2
+3 9
cfi=(10)
cfn=(54) __GI___tunable_set_val
calls=1 157 
* 58
+1 9
cfi=(10)
cfn=(54)
calls=1 157 
* 58
+1 10
cfi=(10)
cfn=(54)
calls=1 157 
* 58
+3 8
cfi=(10)
cfn=(54)
calls=1 157 
* 58
+2 8
cfi=(10)
cfn=(54)
calls=1 157 
* 58
+4 1
fe=(16)
706 1
fi=(19)
967 2
fe=(16)
706 2
fi=(19)
967 4
fe=(16)
706 1
cfi=(10)
cfn=(24)
calls=1 405 
* 19
+4 3
+14 1
-1 2
+1 3
+47 1
-1 1
+1 1
+46 4
cfi=(10)
cfn=(24)
calls=1 405 
* 19
+2 4
cfi=(10)
cfn=(24)
calls=1 405 
* 19
fi=(21) ./elf/../sysdeps/unix/sysv/linux/x86/cpu-features.c
27 6
fe=(16)
829 2
+45 8
fi=(19)
+19 11
fe=(16)
775 3
+27 2
-10 2
+1 2
+2 3
+1 2
+2 3
+1 2
fi=(19)
-75 3
cfn=(46)
calls=1 255 
* 437
+1 1
-1 2
+1 1
cfn=(46)
calls=1 255 
* 478
+1 1
-1 1
+1 1
cfn=(46)
calls=1 255 
* 503
+3 1
-3 2
+3 1
cfn=(46)
calls=1 255 
* 459
+2 1
-2 1
+2 1
cfn=(46)
calls=1 255 
* 451
+3 1
-2 1
-1 1
+3 1
cfn=(46)
calls=1 255 
* 428
+2 1
-2 1
+2 1
cfn=(46)
calls=1 255 
* 429
+3 1
-2 1
-1 1
+3 1
cfn=(46)
calls=1 255 
* 469
+2 1
-2 1
+2 1
cfn=(46)
calls=1 255 
* 470
+3 1
-3 1
+3 1
cfn=(46)
calls=1 255 
* 494
+2 1
-2 1
+2 1
cfn=(46)
calls=1 255 
* 495
+2 1
-2 1
+2 1
cfn=(46)
calls=1 255 
* 790
+2 3
-2 1
+2 1
cfn=(52)
calls=1 481 
* 215
863 15
fe=(16)
424 6
cfn=(36) get_common_indices.constprop.0
calls=1 -99 
* 71
303 3
+1 2
+1 6
+5 2
+1 6
+5 2
+1 6
429 1
cfn=(40)
calls=1 43 
* 194
+2 1
+2 1
+83 1
-85 2
564 2
+7 2
+2 1
+4 2
+6 2
422 2
-3 1
+14 3
+1 4
+69 1
+10 11
+42 1
+1 1
434 11
+55 3

fn=(36)
325 1
+4 4
+3 3
+5 2
-5 1
+5 1
-5 1
+4 1
+1 1
+1 4
+1 4
+1 3
+1 2
+7 2
+2 5
+5 1
-5 1
+5 1
-5 1
+5 1
-5 2
+5 1
+7 1
-7 4
+7 1
+1 3
+6 1
-6 4
+6 1
fi=(17) ./elf/../sysdeps/unix/sysv/linux/x86/dl-minsigstacksize.h
24 2
+3 2
+1 2
+37 3
+7 1
+2 1
fe=(16)
384 2

fl=(14) ./elf/../sysdeps/unix/sysv/linux/brk.c
fn=(28) brk
35 1
+1 3
+1 2
+6 1
+1 1

fl=(8) ./elf/./elf/dl-setup_hash.c
fn=(14) _dl_setup_hash
25 5
+3 5
-3 5
+3 10
+3 15
+1 10
+2 5
-1 5
+3 15
+1 5
+4 5
-3 5
+7 5
-4 5
-3 5
+2 10
+5 5
-5 5
-2 5
+7 5
-5 5
+10 5

fl=(47) ./elf/../elf/dl-tls.c
fn=(262) _dl_allocate_tls_storage
422 2
+13 1
-13 2
+2 1
+12 1
fi=(28) ./elf/../include/rtld-malloc.h
56 1
cfi=(27) ./elf/./elf/dl-minimal-malloc.c
cfn=(76) __minimal_malloc
calls=1 -21 
* 53
fe=(47)
437 3
+8 2
fi=(28)
44 1
fe=(47)
445 2
+1 1
+4 321
+19 1
-99 1
+4 1
+1 1
fi=(28)
44 1
cfi=(27)
cfn=(72) __minimal_calloc
calls=1 +34 
* 36
fe=(47)
376 2
+3 1
+6 2
+90 5

fn=(236) _dl_assign_tls_modid
131 2
+3 1
+13 1
-13 1
+52 1
+2 1
+3 1
+1 2

fn=(480) _dl_allocate_tls_init
528 10
+1 2
+4 1
+6 1
-6 1
+6 1
cfi=(24) ./elf/../sysdeps/nptl/dl-tls_init_tp.c
cfn=(84) rtld_mutex_dummy
calls=1 42 
* 3
+3 3
+12 1
-18 1
-1 1
+43 3
-19 13
+9 3
+1 2
+6 3
+1 1
+2 2
-2 1
+6 1
-4 2
+4 1
-4 2
+3 2
+4 2
+1 4
+2 2
+1 2
+17 1
-8 1
+8 1
+2 3
cfi=(29) ./string/../sysdeps/x86_64/multiarch/memmove-vec-unaligned-erms.S
cfn=(128) mempcpy
calls=1 199 
* 13
* 5
cfi=(44) ./string/../sysdeps/x86_64/multiarch/memset-vec-unaligned-erms.S
cfn=(132) memset
calls=1 125 
* 25
-49 1
+55 1
-55 4
+6 4
+55 2
cfi=(24)
cfn=(84)
calls=1 42 
* 3
+3 2
+3 9

fn=(412) _dl_add_to_slotinfo
1015 8
+6 1
+3 1
+1 1
+4 3
+34 2
+3 3
+1 3
+3 6

fn=(260) _dl_determine_tlsoffset
221 8
+6 3
+3 2
+36 3
+2 1
-2 1
-2 1
-40 1
-1 1
-1 1
+46 2
+23 3
+3 1
-3 4
+2 2
-2 1
-25 1
+20 1
-20 5
+2 2
+3 1
-1 1
+5 2
-5 1
+1 1
-1 1
+3 2
+2 3
+32 3
-1 1
+1 4
+2 2
-2 2
+53 8

fn=(148) _dl_count_modids
197 1
+2 2
+1 1
+15 2

fn=(258) _dl_tls_static_surplus_init
97 2
+4 1
-4 2
+4 1
-4 2
+4 3
cfi=(10)
cfn=(24)
calls=1 405 
* 21
* 1
+1 4
cfi=(10)
cfn=(24)
calls=1 405 
* 21
* 1
+8 1
-8 1
+6 2
+2 3
+3 1
+2 1
-32 3
+34 3
+1 5

fl=(39) ./elf/../sysdeps/x86_64/dl-hwcaps-subdirs.c
fn=(110) _dl_hwcaps_subdirs_active
29 1
fi=(18)
+2 1
fe=(39)
+7 1
fi=(18)
-7 2
-1 2
fe=(39)
+22 1
fi=(18)
-20 3
+4 1
fe=(39)
+2 1
fi=(18)
-2 2
+3 4
+1 4
+5 1
fe=(39)
-7 1
fi=(18)
+7 3
fe=(39)
-2 1
fi=(18)
+5 2
+1 3
+2 4
+1 2
+1 2
+6 1
fe=(39)
-11 1
fi=(18)
+11 1
-3 2
fe=(39)

fl=(59) ./io/../sysdeps/unix/sysv/linux/fstatat64.c
fn=(192) fstatat
153 28
-55 28
+70 33
+1 5
-2 18
+1 18

fl=(50) ./string/../sysdeps/x86_64/strcspn.S
fn=(158) strcspn
25 1
+2 1
+7 1
+1 1
+2 1
+1 1
+1 1
+1 1
+1 33
+3 3
+7 1
+1 1
+1 1
+1 1
+2 1
+1 1
+1 1
+1 1
+2 1
+1 1
+1 1
+9 3
+12 1
+2 1
+1 1
+1 1
-4 12
+2 12
+1 12
+1 12
+2 13
+1 13
+1 13
+2 13
+1 13
+1 13
+2 13
+1 13
+1 13
+2 1
+1 1
+1 1
+2 1
+7 1
+4 1

fl=(46) ./elf/./elf/dl-debug.c
fn=(152) _dl_debug_state
116 2
+1 2

fn=(146) _dl_debug_initialize
56 1
+3 2
+4 1
-6 1
+4 1
+2 2
+22 2
+5 2
+1 1
+1 1
-1 1
-1 1
+5 2
+4 2
+8 2
-43 2
+32 6

fn=(186) _dl_debug_update
38 4
+3 4
-1 8
+4 8
+4 4

fl=(66) ./elf/./elf/dl-deps.c
fn=(210) _dl_map_object_deps
159 5
+1 3
-1 1
+1 1
-1 2
+1 1
-1 3
+1 1
-1 4
+1 12
-8 1
-7 1
+15 1
-14 1
+6 1
+8 1
-15 1
+7 1
-8 1
+1 1
+7 1
-7 1
+31 3
-28 3
-2 1
+31 1
-33 2
+2 2
+30 2
-30 1
-1 4
+7 4
+24 2
-32 1
+60 1
-60 2
+36 1
fi=(73) ./elf/../include/scratch_buffer.h
77 3
fe=(66)
198 1
fi=(73)
78 1
fe=(66)
200 2
+98 1
198 1
+4 1
+7 1
+4 4
-4 4
+4 16
+11 14
-18 2
+18 4
433 15
+2 3
+3 3
-3 6
+3 3
fi=(28)
56 3
cfi=(27)
cfn=(76)
calls=3 -21 
* 75
* 3
fe=(66)
439 6
+6 3
+1 15
cfi=(29)
cfn=(80) memcpy
calls=3 212 
* 33
+1 15
cfi=(29)
cfn=(80)
calls=3 212 
* 33
+4 3
-1 3
+5 20
204 12
458 12
-1 5
+1 10
199 3
+27 15
+5 3
+6 3
-5 3
-1 3
+2 6
+4 12
-31 3
+31 3
+1 9
+6 12
cfi=(31) ./elf/./elf/dl-load.c
cfn=(212) _dl_dst_count
calls=3 -6 
* 150
* 8
cfi=(31)
cfn=(212)
calls=2 -6 
* 108
* 15
+4 10
-2 5
+2 10
cob=(2)
cfi=(51)
cfn=(164)
calls=5 0 
* 12363
+1 10
+9 5
+2 10
+5 15
+6 3
+2 3
-8 6
+3 3
+1 3
+1 3
+1 3
+4 15
+4 15
+1 9
-43 316
+1 152
+44 222
-38 10
fi=(73)
85 3
fe=(66)
464 6
+1 1
+3 4
+11 3
fi=(28)
56 1
cfi=(27)
cfn=(76)
calls=1 -21 
* 25
* 1
fe=(66)
481 2
+5 3
+1 1
-1 2
+4 2
-2 1
+2 1
-2 2
+13 4
+5 4
-16 12
-2 4
+6 4
+7 4
-2 8
-5 1
+7 1
-2 2
+2 2
+5 1
-16 6
+19 2
+52 3
+37 3
+15 1
-11 1
+11 1
-14 2
+20 1
-1 3
+1 3
-1 5
cfi=(12) ./elf/./elf/dl-sort-maps.c
cfn=(244) _dl_sort_maps
calls=1 290 
* 330
+5 1
+3 1
-1 1
+2 2
+7 3
+3 3
+3 8
214 32
+3 3
fi=(73)
-86 9
cfi=(72) ./malloc/./malloc/scratch_buffer_set_array_size.c
cfn=(238) __libc_scratch_buffer_set_array_size
calls=3 30 
* 60
fe=(66)
+86 6
+4 9
613 2
cfi=(29)
cfn=(80)
calls=1 212 
* 19
* 1
-53 2
160 2
380 8

fn=(214) openaux
61 15
+7 5
-4 10
+1 5
-1 40
cfi=(31)
cfn=(172) _dl_map_object
calls=5 2022 
* 11968
* 5
+5 10

fl=(162) ./elf/./elf/dl-init.c
fn=(540) _dl_init
77 12
+1 1
+1 1
+3 3
+8 2
+25 1
+1 5
+1 2
-86 4
+86 8
-86 16
+2 26
cfn=(542) call_init.part.0
calls=4 -7 
* 265
+83 15
+7 8
-92 4
+2 6
cfn=(542)
calls=1 -7 
* 61
+52 2

fn=(542)
26 40
+13 5
-13 5
+16 5
-3 10
+3 10
+5 8
+8 12
+1 12
cob=(2)
cfi=(51)
cfn=(572)
calls=1 -56 
* 7
cob=(2)
cfi=(51)
cfn=(544)
calls=1 -56 
* 26
+3 4
+1 8
+6 4
+2 4
-2 2
+3 13
+1 4
cob=(3)
cfi=(167) ./libio/./libio/vtables.c
cfn=(570) check_stdfiles_vtables
calls=1 +13 
* 12
* 8
cob=(4)
cfi=(168) ???
cfn=(576) 0x000000000000e460
calls=1 -70 
* 12
cob=(3)
cfi=(164) ./csu/./csu/init-first.c
cfn=(562) _init_first
calls=1 -24 
* 74
-1 9
+3 30
-29 2

fl=(41) ./elf/./elf/dl-hwcaps_split.c
fn=(116) _dl_hwcaps_split_masked
51 55
-25 42
+4 24
+4 48
+1 12
-1 24
+2 24
+5 27
cfi=(42) ./string/../sysdeps/x86_64/multiarch/../strchr.S
cfn=(118) index
calls=9 -18 
* 216
+1 18
+3 6
+11 12
+1 12
+1 6
-1 6
+1 6
-2 6
+1 6
+1 3
-1 3
+1 27
cfn=(120) _dl_hwcaps_contains
calls=6 +8 
* 30
* 12
-3 5
+7 44
-19 6
cfi=(22) ./string/../sysdeps/x86_64/multiarch/strlen-vec.S
cfn=(60) strlen
calls=3 -2 
* 51
* 3

fn=(122) _dl_hwcaps_split
25 4
+1 3
+21 1
-20 1
+20 3

fn=(120)
66 6
+1 12
+1 6
+9 6

fl=(29)
fn=(128)
199 36
+1 36
+1 36
+1 36
+17 36
+1 36
+2 7
+1 7
+1 7
+2 6
+1 6
+1 6
+2 6
360 29
+1 29
+2 9
+4 9
+1 4
+1 4
+1 2
+1 2
+1 2
+1 2
+2 2
+2 4
+6 5
+1 5
+1 5
+1 5
+1 5
+29 20
+1 20
+1 20
+1 20
+1 20
+7 1
+1 1
+1 1
+1 1
+1 1
+1 1
+1 1
+11 1
+1 1
+2 1
+1 1
+1 1

fn=(80)
212 21
+1 21
+6 21
+1 21
+2 14
+1 14
+1 14
+2 8
+1 8
+1 8
+2 8
360 7
+1 7
+2 1
+4 1
+1 1
+1 1
+1 1
+1 1
+4 1
+2 1
+39 6
+1 6
+1 6
+1 6
+1 6
+7 6
+1 6
+1 6
+1 6
+1 6
+1 6
+1 6
+11 6
+1 6
+2 6
+1 6
+1 6

fl=(55) ./io/../sysdeps/unix/sysv/linux/open64_nocancel.c
fn=(178) __open_nocancel
28 15
+3 15
-3 45
+3 90
+8 105
+2 4
-2 33
+2 11

fl=(76) ./elf/../sysdeps/x86/dl-cet.c
fn=(268) _dl_cet_check
252 8
42 1
+9 1
-10 1
+4 1
-4 1
+3 1
+4 2
+1 2
-1 2
+14 2
254 8

fl=(1) ???
fn=(0) 0x0000000000020290
0 2
cfi=(2) ./elf/./elf/rtld.c
cfn=(2) _dl_start
calls=1 527 
0 155149
0 14
cfi=(162)
cfn=(540)
calls=1 77 
0 442
0 3
cob=(6)
cfi=(169)
cfn=(584)
calls=1 0 
0 51286370

fl=(227) ./elf/./elf/dl-fini.c
fn=(832) _dl_fini
31 9
+20 3
-3 7
+3 4
+3 2
cob=(3)
cfi=(228) ./nptl/./nptl/pthread_mutex_lock.c
cfn=(834) pthread_mutex_lock@@GLIBC_2.2.5
calls=1 +23 
* 43
+2 1
+3 2
+2 6
+7 2
-2 1
+2 1
cfi=(49)
cfn=(532) _dl_audit_activity_nsid
calls=1 -28 
* 21
+5 14
+5 1
-5 1
+5 3
+2 10
+2 10
+2 10
+1 5
+1 5
+4 5
-12 15
+14 6
+1 4
+6 5
cfi=(12)
cfn=(244)
calls=1 290 
* 379
+9 2
cob=(3)
cfi=(229) ./nptl/./nptl/pthread_mutex_unlock.c
cfn=(836) pthread_mutex_unlock@@GLIBC_2.2.5
calls=1 367 
* 34
+5 6
+2 1
+2 3
-2 4
+2 12
+3 10
+3 15
+4 4
+11 8
+1 2
+1 4
+1 10
+1 4
cob=(4)
cfi=(168)
cfn=(886) 0x000000000000e420
calls=1 0 
* 92
cob=(6)
cfi=(169)
cfn=(838)
calls=1 0 
* 91
-1 10
+5 6
+1 9
cob=(2)
cfi=(51)
cfn=(902)
calls=1 0 
* 4
cob=(2)
cfi=(51)
cfn=(864)
calls=1 0 
* 110
cob=(2)
cfi=(51)
cfn=(860)
calls=1 0 
* 4
+6 10
cfi=(49)
cfn=(862) _dl_audit_objclose
calls=5 -57 
* 25
+5 5
-45 15
+49 3
cfi=(49)
cfn=(532)
calls=1 40 
* 21
* 2
-38 9
+3 2
+41 6
+6 2
+7 8
73 2

fl=(78) ./elf/./elf/dl-lookup.c
fn=(282) check_match
70 102
+3 102
-3 1224
+3 402
+13 99
-13 99
+13 99
-13 99
+13 297
+3 330
cfi=(32) ./string/../sysdeps/x86_64/strcmp.S
cfn=(90) strcmp
calls=33 +19 
* 1617
* 66
+4 99
+1 198
+2 194
+19 194
+1 776
+2 2
-40 98
+84 588
-18 4
+2 4
+1 2
-1 4
+1 6
-1 4
+9 1
+7 24
-45 288
cfi=(32)
cfn=(90)
calls=96 -9 
* 2466
* 192
-44 12
+82 6

fn=(280) do_lookup_x
363 864
+1 108
-1 540
+48 108
-30 216
-11 108
+41 108
-30 324
+30 108
fi=(79) ./elf/../sysdeps/generic/dl-protected.h
44 324
fe=(78)
381 108
fi=(79)
44 432
fe=(78)
395 1347
+4 449
+4 449
-3 449
+3 1796
+1 1347
+3 449
+1 898
+7 449
-3 898
-2 449
+5 1796
+3 3143
570 1053
374 898
+3 898
+4 898
+4 898
+4 898
+88 196
fi=(4) ./elf/../sysdeps/generic/ldsodefs.h
137 196
+1 294
fe=(78)
528 196
fi=(79)
29 196
fe=(78)
535 752
+16 196
+1 98
+1 196
422 452
-1 226
+2 226
+2 1308
+13 429
-10 1205
+3 102
-1 204
+1 102
-1 102
+2 204
-1 1224
cfn=(282)
calls=102 70 
* 9698
+4 306
+3 8
573 10
+1 864
-35 24
-70 22
171 77
452 784

fn=(278) _dl_lookup_symbol_x
840 1080
+10 108
-10 216
+10 108
-10 108
+10 108
204 108
840 108
204 540
581 432
-1 216
+2 108
-1 108
+1 324
-1 324
+1 1374
-1 1374
+1 4122
-1 4122
+2 108
846 108
-4 108
+1 108
+7 108
-8 108
+1 108
+7 396
+3 108
+2 216
-2 108
+6 216
-7 648
+7 50
+1 1512
cfn=(280)
calls=108 363 
* 42707
* 324
+28 108
-23 108
+23 108
-23 216
+24 572
+7 98
-7 98
+40 392
+79 196
-65 294
+3 294
-62 108
+69 972
-86 60
+18 30
+59 2

fl=(44)
fn=(132)
125 8
+1 40
+6 8
+1 8
+1 7
+1 7
+2 1
+1 1
+1 1
+65 4
+1 4
+2 4
+76 6
+1 6
+5 6
+3 6
+1 6
+3 2
+1 2
+13 2
+1 2
+2 2
+3 1
+3 2
+3 1
+1 1
+1 1
+1 1
+1 1
+1 1
+1 1
-6 27
+1 27
+1 27
+1 27
+1 27
+1 27
+1 27
+3 2
+1 2
+1 2
+1 2
+5 2
+29 1
+1 1
+1 1
+32 1
+1 1
+1 1

fl=(65) ./io/../sysdeps/unix/sysv/linux/access.c
fn=(208) access
25 1
+2 7
+4 1

fl=(12)
fn=(244)
290 20
+8 2
-8 2
+8 4
+4 16
-79 4
-37 2
+37 2
-36 8
+1 2
-1 2
+1 2
-1 4
+1 8
-1 8
+1 8
-1 16
+36 30
+8 6
-3 2
+2 2
+1 2
-8 2
+5 2
+3 8
+2 24
+2 10
-90 50
cfn=(246) dfs_traversal.part.0
calls=10 -5 
* 385
+93 20
+18 4
+13 2
+33 2
-26 8
cfi=(29)
cfn=(80)
calls=2 -64 
* 38
* 2

fn=(22) _dl_sort_maps_init
281 2
+1 4
cfi=(10)
cfn=(24)
calls=1 405 
* 20
+2 3
-1 1
+2 2

fn=(246)
140 80
+10 10
-2 10
+2 20
+2 28
+3 34
-3 68
+9 20
+15 30
+1 10
+1 60
-17 15

fl=(22)
fn=(60)
41 21
+44 21
+1 21
+1 21
+1 21
+1 21
+1 21
+1 21
+2 21
+2 21
+31 19
+1 19
+1 19
+1 19
+1 19
+1 12
+2 12
+4 7
+1 7
+1 7
+1 7
+1 7
+1 7
+1 7
+1 7
+1 7
+1 7
+1 7
+1 7
+5 56
+4 2
+1 28
+1 14
+15 1
+1 1
+1 2
+51 1
+1 1
+1 1
+1 1
+1 1
+1 1
+1 1
+1 1
+16 1
+2 1
+1 14
+2 1
+1 1
+1 1
+2 1

fl=(128) ./misc/../sysdeps/unix/syscall-template.S
fn=(410) mprotect
117 25
+5 5

fn=(536) munmap
117 5
+5 1

fl=(23) ./elf/../misc/sbrk.c
fn=(62) sbrk
37 5
+3 1
+18 2
+4 2
+16 5

fl=(42)
fn=(118)
23 19
+1 19
+1 19
+1 19
+1 19
+1 19
+1 19
+1 19
+1 19
+1 19
+1 19
+1 19
+1 19
+1 19
+1 19
+1 19
+1 19
+1 19
+1 16
+4 16
+1 16
+1 16
+1 16
+2 16
+4 3
+1 3
+1 3
+1 3
+1 3
+1 3
+1 3
+1 3
+1 3
+1 3
+1 3
+1 3
+1 3
+1 3
+1 3
+1 3
+1 3
+1 3
+1 3
+1 3
+1 3
+1 3
+1 3
+1 3
+52 3
+4 3
+1 3
+1 3
+1 3
+2 3

fl=(27)
fn=(72)
78 10
+4 10
-4 40
+7 10
+1 30
fi=(28)
-30 10
cfi=(27)
cfn=(76)
calls=10 -21 
* 285
fe=(27)

fn=(76)
35 145
+1 29
+11 29
-11 58
+11 58
+3 29
-3 29
+3 166
+18 29
+1 29
+2 116
-16 8
+1 4
+2 2
+1 14
cfi=(60) ./misc/../sysdeps/unix/sysv/linux/mmap64.c
cfn=(194) mmap
calls=2 -12 
* 18
* 2
+2 4
+2 4
+2 2
+4 2
-4 4
-23 1
-1 1
+1 1
+1 2
-2 2

fn=(144) __minimal_free
95 4
+2 16

fl=(52)
fn=(162)
225 10
+2 2
cob=(2)
cfi=(51)
cfn=(164)
calls=1 0 
* 2759
+1 2
+1 1
+1 1
-1 1
+1 1
+2 5

fn=(166)
175 18
+5 6
-5 18
+5 6
-2 12
+22 6
-1 6
+7 12
-6 6
+3 12
+3 6
cfi=(53) ./setjmp/../sysdeps/x86_64/setjmp.S
cfn=(168) __sigsetjmp
calls=6 30 
* 144
* 24
+2 18
cfi=(66)
cfn=(214)
calls=5 61 
* 12058
cfi=(2)
cfn=(170) map_doit
calls=1 663 
* 2698
+2 6
-1 6
+1 6
-1 6
+1 12
+9 24

fn=(248) _dl_receive_error
238 6
+1 1
+1 1
+3 1
+1 1
+2 1
cfi=(2)
cfn=(250) version_check_doit
calls=1 696 
* 7194
+2 1
+1 1
+1 4

fl=(15) ./elf/../sysdeps/x86/dl-get-cpu-features.c
fn=(502) __x86_cpu_features
71 1
-32 3
+32 2

fn=(32) _dl_x86_init_cpu_features
37 1
+2 3
+2 1
cfi=(16)
cfn=(34)
calls=1 399 
* 7219

fl=(26) ./elf/./elf/dl-object.c
fn=(82) _dl_add_to_namespace_list
31 8
+2 4
-2 8
+2 4
-2 8
+2 4
cfi=(24)
cfn=(84)
calls=4 +9 
* 12
+2 31
+3 36
+2 3
+2 3
+4 3
+4 3
-4 6
+1 3
+4 3
-4 3
+1 3
+3 3
-3 3
+3 3
-1 3
cfi=(24)
cfn=(84)
calls=3 -8 
* 9
-4 1
+4 1
-4 2
+1 1
+4 1
-4 1
+1 1
+3 1
-3 1
+3 1
-1 1
cfi=(24)
cfn=(84)
calls=1 -8 
* 3
-5 2

fn=(70) _dl_new_object
59 56
+3 8
+18 3
+3 3
-3 3
+3 3
cfi=(22)
cfn=(60)
calls=3 -42 
* 69
+4 6
-4 6
+9 6
fi=(28)
-48 9
cfi=(27)
cfn=(72)
calls=3 +34 
* 136
fe=(26)
+48 1
fi=(28)
-48 3
cfi=(27)
cfn=(72)
calls=1 +34 
* 43
* 4
fe=(26)
+51 8
+5 4
-2 4
+6 4
-4 4
+4 4
-5 4
+4 4
+1 4
-1 4
+1 8
cfi=(29)
cfn=(80)
calls=4 212 
* 55
* 8
+2 4
+13 8
+6 1
+2 7
+3 2
-3 21
+3 6
+9 4
-7 4
+4 4
+3 17
+2 1
-2 3
+2 15
-2 45
+16 8
-5 4
+5 4
-6 4
+6 4
-6 4
+6 8
+2 6
+3 6
-3 6
+7 12
+4 6
+8 2
+3 2
+10 3
-10 6
+10 9
+2 3
+21 3
-21 3
cfi=(22)
cfn=(60)
calls=3 41 
* 105
* 9
+17 3
-13 9
+50 9
cfi=(29)
cfn=(128)
calls=3 -46 
* 47
* 3
+5 6
+1 6
-1 100
+1 100
+2 6
+3 3
+3 3
+4 36
131 11
-12 6
+34 1
+7 4
+8 12
fi=(28)
56 6
cfi=(27)
cfn=(76)
calls=3 -21 
* 75
* 3
fe=(26)
200 12
64 2
+2 3
+1 2
+10 5
-6 2

fl=(10)
fn=(54)
157 15
-55 5
+55 5
-55 5
+55 5
-55 35
+9 5
+1 5
fi=(234) ./elf/./dl-tunable-types.h
-22 10
fe=(10)
+22 20
+1 40
fi=(11) ./elf/./elf/dl-tunables.h
+8 10
+1 5
fe=(10)
-6 15
fi=(11)
+15 5
fe=(10)
-12 10
+4 10
+7 10
+1 10
+3 30
+1 5
+1 5
+1 5
+24 5
fi=(11)
-30 15
fe=(10)

fn=(18) __GI___tunables_init
282 9
-9 7
71 125
+6 40
-3 40
+3 3537
-3 40
-3 80
357 8
81 80
+5 120
fi=(11)
+54 40
fe=(10)
-54 40
fi=(11)
+54 40
+1 102
-1 77
+1 22
-1 40
+1 80
fe=(10)
323 160
-18 5600
+6 8800
fi=(11)
140 360
+1 720
-1 35
+1 140
-1 175
fe=(10)

fn=(24)
405 34
+3 238
+9 34
-9 130
+9 10
+17 170
+2 34
-9 24
+1 24

fl=(2)
fn=(64) dl_main
1320 2
205 1
311 1
1320 2
2818 1
1320 3
2829 1
1320 2
2698 1
1320 2
311 1
1320 3
207 1
310 1
205 1
+99 3
1332 1
cfi=(24)
cfn=(66) __tls_pre_init_tp
calls=1 53 
* 17
2677 3
+6 5
-4 1
+4 1
+2 3
cfi=(25) ./elf/./elf/dl-environ.c
cfn=(68) _dl_next_ld_env_entry
calls=1 28 
* 59
* 4
cfi=(25)
cfn=(68)
calls=2 28 
* 216
* 9
+4 6
-2 2
+2 6
+1 2
-1 6
+1 17
-1 89
+9 12
2845 4
+32 2
1348 1
+1 2
-1 2
+1 2
2774 3
+1 3
-56 2
+7 2
1627 9
cfi=(26)
cfn=(70)
calls=1 59 
* 230
* 1
+2 2
+1 1
+6 2
-6 1
+1 2
+1 3
+4 1
cfi=(26)
cfn=(82)
calls=1 31 
* 36
+1 2
1140 1
1326 1
1169 1
-29 1
+11 1
+18 2
-21 1
+21 1
-19 1
-4 1
+23 1
-21 1
+21 2
+57 1
-83 1
+23 1
+4 1
+19 1
+22 1
+15 5
-56 116
1275 4
+2 1
1169 18
fi=(30) ./elf/../sysdeps/x86/dl-prop.h
105 2
fe=(2)
1282 22
+6 4
cfi=(31)
cfn=(88) _dl_process_pt_gnu_property
calls=1 868 
* 20
-7 26
+1 13
+6 13
-6 26
fi=(30)
212 4
+1 2
95 8
+10 2
212 1
105 1
-2 1
-3 1
+2 1
+3 1
-4 2
+92 4
-1 1
-87 3
+3 3
+1 2
+1 2
+4 3
+4 3
+3 3
+1 2
+4 1
+1 4
+4 2
+1 1
+3 2
+3 1
+1 4
+5 2
+2 2
+5 2
+14 1
-1 2
+2 2
fe=(2)
1174 1
-5 1
+5 2
-5 2
+30 1
-9 1
+27 1
-27 1
+2 1
-3 1
+10 2
-20 2
-10 1
+10 1
+1 9
-11 2
+57 4
-1 4
+1 8
-1 4
+2 8
+1 1
+2 12
+1 14
+4 8
+1 8
+1 4
+1 10
+1 1
+4 1
-74 1
+74 2
-74 2
+74 3
-74 3
+74 6
-74 6
1271 1
1169 1
1271 1
1169 2
1294 1
+3 2
+2 1
-5 2
+3 2
+2 2
+2 2
1662 3
+2 1
-1 1
+1 2
+1 2
-2 1
+2 1
-2 2
cfi=(32)
cfn=(90)
calls=1 108 
* 34
* 2
+7 1
+3 1
-5 1
+3 1
+2 1
+1 2
+4 2
+2 2
fi=(3) ./elf/./get-dynamic-info.h
39 3
+6 1
-2 1
+2 2
+9 1
+5 1
+3 1
+2 1
-3 1
-3 1
-3 17
+13 5
-23 20
+23 21
-23 84
+4 52
+5 24
+2 5
+16 3
+25 3
+5 2
+7 2
+1 3
+22 3
+15 3
+2 3
+1 2
+9 2
+6 2
+4 2
fe=(2)
1688 3
+7 2
cfi=(8)
cfn=(14)
calls=1 25 
* 29
+3 2
fi=(33) ./elf/./setup-vdso.h
24 2
fi=(35) ./elf/../sysdeps/unix/sysv/linux/dl-vdso-setup.h
+21 1
fe=(2)
1723 1
cfi=(13) ./elf/../sysdeps/unix/sysv/linux/dl-sysdep.c
cfn=(100) _dl_discover_osversion
calls=1 46 
* 90
* 8
fi=(37) ./elf/./dl-main.h
109 5
cfi=(31)
cfn=(106) _dl_init_paths
calls=1 706 
* 2926
fe=(2)
1731 3
cfi=(46)
cfn=(146)
calls=1 56 
* 30
+7 1
-7 1
+2 1
+5 1
+4 1
+3 1
-3 3
+1 2
+3 1
+5 1
-7 1
+7 1
+1 3
+12 2
+1 2
+5 1
-3 2
+2 1
+1 2
+5 3
+1 5
-1 2
233 1
-1 1
+1 3
+1 2
-2 1
+2 2
1793 2
+5 1
-1 1
+1 1
+24 1
cfi=(47)
cfn=(148)
calls=1 197 
* 6
* 1
fi=(48) ./elf/../sysdeps/generic/dl-debug.h
29 3
+1 2
fe=(2)
1828 2
+1 1
cfi=(46)
cfn=(152)
calls=1 116 
* 2
+1 1
+4 3
cfi=(49)
cfn=(154) _dl_audit_activity_map
calls=1 28 
* 16
+5 3
+2 1
+2 2
+9 2
+16 4
cfi=(65)
cfn=(208)
calls=1 25 
* 9
* 2
+76 4
+16 3
85 1
1970 1
85 2
1970 2
85 1
1970 5
cfi=(66)
cfn=(210)
calls=1 159 
* 14596
92 1
1976 1
92 2
+9 2
1976 2
+1 5
-1 4
+1 8
-1 16
+4 4
+1 3
+1 1
+2 2
+1 4
-1 13
+1 12
+12 3
+1 2
+2 1
+2 3
+2 1
-4 1
+5 1
-1 2
+14 2
+1 2
+1 3
+11 2
+2 1
-2 1
+2 2
-2 1
+1 2
+1 1
-1 2
+1 1
cfi=(52)
cfn=(248)
calls=1 238 
* 7211
+10 2
+1 2
+3 2
862 1
fi=(235) ./elf/../sysdeps/unix/sysv/linux/dl-osinfo.h
64 2
fe=(2)
864 1
+6 1
+3 1
+7 1
-5 1
2052 3
2282 3
1778 2
+6 1
-6 2
+6 1
+2 3
fi=(30)
198 4
+2 1
+1 1
+2 1
-3 3
+3 1
fi=(3)
59 4
+3 4
+2 4
fi=(34) ./elf/../sysdeps/unix/sysv/linux/dl-vdso.h
-24 1
+1 2
fe=(2)
2331 1
1325 1
2342 1
-4 2
+10 1
-6 1
+6 1
+3 2
+8 1
fi=(30)
36 1
fe=(2)
2359 1
fi=(30)
37 3
+3 1
+13 7
-13 4
+9 8
-9 1
+9 25
+4 20
-16 15
+34 3
cfi=(76)
cfn=(268)
calls=1 252 
* 30
fe=(2)
2361 2
+54 3
+3 1
85 4
2422 1
+1 22
+2 10
+5 10
+2 10
+6 5
+2 15
+1 32
cfi=(77) ./elf/./elf/dl-reloc.c
cfn=(270) _dl_relocate_object
calls=4 194 
* 83261
+4 12
+1 2
-23 1
+23 1
cfi=(47)
cfn=(412)
calls=1 1015 
* 28
-23 6
92 3
+1 1
2454 1
93 1
2454 1
+5 4
+2 1
+7 3
cfi=(47)
cfn=(480)
calls=1 528 
* 146
+3 2
fi=(3)
72 2
+10 3
+1 4
+1 4
+1 4
+2 4
+5 4
+1 4
+1 5
fi=(35)
-64 3
+3 1
+3 1
+3 1
fi=(34)
+16 2
fe=(2)
2434 1
+1 1
-3 2
+49 3
+2 4
+10 1
cfi=(147) ./elf/./elf/dl-find_object.c
cfn=(482) _dl_find_object_init
calls=1 561 
* 713
+5 2
cfi=(7) ./elf/./elf/dl-minimal.c
cfn=(490) __rtld_malloc_init_real
calls=1 76 
* 2548
+3 1
cfi=(151) ./elf/../sysdeps/nptl/dl-mutex.c
cfn=(498) __rtld_mutex_init
calls=1 30 
* 415
85 1
2507 1
+1 3
85 3
2508 2
cfi=(77)
cfn=(270)
calls=1 194 
* 5070
92 3
+9 2
2516 3
cfi=(153) ./elf/./elf/dl-call-libc-early-init.c
cfn=(504) _dl_call_libc_early_init
calls=1 27 
* 1353
+7 1
cfi=(9) ./elf/../elf/dl-sysdep.c
cfn=(530) _dl_sysdep_start_cleanup
calls=1 262 
* 2
+4 3
cfi=(49)
cfn=(532)
calls=1 40 
* 21
+5 2
cfi=(46)
cfn=(186)
calls=1 38 
* 7
+1 1
-1 1
+2 1
cfi=(46)
cfn=(152)
calls=1 116 
* 2
+1 1
+4 1
cfi=(68) ./elf/./elf/dl-cache.c
cfn=(534) _dl_unload_cache
calls=1 537 
* 18
+5 8
1741 4
1995 2
+50 2
cfn=(256) init_tls
calls=1 756 
* 789
* 2
2726 4
+2 2
+1 1
+46 2
+2 1
+1 1
-1 1
+1 1
+1 1
85 1
1847 1
85 2
1847 1
85 1
1847 2
cfn=(156) handle_preload_list
calls=1 894 
* 3107
* 1
92 3
+9 3
1948 16
+1 1
-1 1
+4 3
+1 1
+1 2
+1 2
-7 2
fi=(30)
170 3
-39 2
fe=(2)

fn=(2)
527 10
85 1
fi=(6) ./elf/../sysdeps/x86_64/dl-machine.h
-40 1
fe=(2)
557 1
-4 1
85 2
556 1
85 1
fi=(3)
-40 1
fe=(2)
556 1
fi=(3)
45 2
+9 1
+5 1
+3 1
+2 1
+4 1
-7 1
-3 1
-3 14
+13 4
-23 16
+23 14
-23 56
+4 36
+5 20
+2 5
+3 4
fi=(4)
+21 1
fi=(3)
-8 3
+10 4
+1 4
+1 4
+1 4
+2 4
+5 4
+1 4
+1 4
+3 3
+5 2
+7 3
+1 3
+8 2
+1 2
+5 3
+3 3
fe=(2)
573 1
fi=(6)
71 1
fe=(2)
573 42
fi=(6)
414 1
fi=(5) ./elf/./elf/do-rel.h
86 1
fe=(2)
573 2
fi=(5)
49 1
+37 1
-37 1
+37 1
+2 1
-2 1
+2 1
-2 1
+27 2
-27 1
fe=(2)
573 2
fi=(5)
49 1
+37 1
-37 1
+37 1
+2 1
-2 1
+2 1
-2 1
+27 3
+1 2
fi=(6)
534 2
fi=(5)
114 282
fi=(6)
534 282
+1 142
fi=(5)
113 142
fi=(6)
535 284
fi=(5)
113 284
+5 4
+8 7
fi=(6)
326 12
fi=(5)
126 21
+2 7
+2 7
-2 7
fi=(6)
287 7
fi=(5)
130 7
-2 7
+1 14
fi=(6)
287 14
+9 70
+3 14
+27 33
fe=(2)
573 6
fi=(5)
50 1
fi=(4)
+30 2
fi=(6)
326 2
+20 12
+1 6
fe=(2)
575 1
+13 1
cfi=(7)
cfn=(12) __rtld_malloc_init_stubs
calls=1 42 
* 10
+4 2
85 1
488 2
85 3
488 1
cfi=(8)
cfn=(14)
calls=1 25 
* 29
+2 2
-1 1
+1 2
+17 1
-15 1
-2 1
+17 1
-15 1
+9 1
-11 1
+17 1
cfi=(9)
cfn=(16) _dl_sysdep_start
calls=1 85 
* 153056
* 1
+2 2
+98 9
fi=(3)
62 4
+2 4
fe=(2)
573 3

fn=(250)
696 3
+2 4
cfi=(74) ./elf/./elf/dl-version.c
cfn=(252) _dl_check_all_versions
calls=1 361 
* 7183
* 2
+4 2

fn=(156)
894 10
+5 1
-5 2
+5 2
+6 1
-64 1
+54 3
+7 3
cfi=(50)
cfn=(158)
calls=1 25 
* 233
* 1
+1 3
+9 1
191 1
914 2
191 2
916 2
-80 1
+5 5
-10 1
+8 1
-4 1
+1 1
+1 1
+4 1
cob=(2)
cfi=(51)
cfn=(160)
calls=1 0 
* 2784
+1 3
+8 3
+67 1
-18 2
+21 9
-15 4
cfi=(29)
cfn=(80)
calls=1 212 
* 19
+1 2

fn=(170)
663 2
+2 1
-2 1
+2 1
+1 2
-1 2
+1 3
cfi=(31)
cfn=(172)
calls=1 2022 
* 2683
* 1
+2 2

fn=(256)
756 3
+2 1
+4 1
-4 1
+4 2
+11 1
fi=(28)
44 1
fe=(2)
768 1
+4 1
fi=(28)
44 1
cfi=(27)
cfn=(72)
calls=1 +34 
* 36
fe=(2)
783 1
-12 1
+6 1
-9 1
+11 1
+4 1
+2 3
-1 2
+3 10
+4 1
+2 1
-2 2
-5 1
-1 2
+10 3
+3 2
cfi=(47)
cfn=(258)
calls=1 97 
* 79
+3 1
cfi=(47)
cfn=(260)
calls=1 221 
* 76
+7 1
cfi=(47)
cfn=(262)
calls=1 422 
* 442
* 1
+1 2
+6 1
+3 2
-3 1
+3 6
+3 1
cfi=(24)
cfn=(264) __tls_init_tp
calls=1 68 
* 75
+1 1
+3 5
-39 4
-1 9

fl=(71) ./io/../sysdeps/unix/sysv/linux/pread64_nocancel.c
fn=(234) __pread64_nocancel
25 8
+1 16
+1 4

fl=(38) ./elf/./elf/dl-hwcaps.c
fn=(108) _dl_important_hwcaps
175 5
+1 1
-1 6
+1 1
-1 1
+1 1
-1 1
+1 1
-1 1
+1 2
cfi=(10)
cfn=(24)
calls=1 405 
* 21
* 1
+2 2
+1 3
+26 2
-26 1
+25 1
cfi=(39)
cfn=(110)
calls=1 29 
* 47
fi=(40) ./elf/./dl-hwcaps.h
54 1
fe=(38)
205 1
-1 1
fi=(40)
56 1
+32 1
+1 1
+1 1
fe=(38)
-35 2
cfi=(41)
cfn=(116)
calls=1 -4 
* 13
* 2
fi=(40)
-1 1
+2 2
-2 1
+34 2
+1 2
+1 1
fe=(38)
-32 2
-1 2
+1 2
+1 2
-1 2
-3 4
cfi=(41)
cfn=(116)
calls=2 -4 
* 114
* 2
cfi=(41)
cfn=(116)
calls=1 -4 
* 122
* 6
+48 5
fi=(28)
-47 1
cfi=(27)
cfn=(76)
calls=1 -21 
* 25
fe=(38)
+47 1
+2 2
+3 2
fi=(40)
-52 1
fe=(38)
+55 1
-3 1
fi=(40)
-54 2
+3 1
fe=(38)
+58 2
cfi=(41)
cfn=(122)
calls=1 -90 
* 12
* 2
fi=(40)
-61 1
+2 2
-2 1
+34 2
+1 2
+1 1
fe=(38)
+40 4
+1 2
-1 6
+2 2
+1 2
-2 6
-3 4
cfi=(41)
cfn=(116)
calls=2 -77 
* 114
* 2
cfi=(41)
cfn=(116)
calls=1 -77 
* 122
* 6
+8 2
+9 1
-15 1
+15 2
-15 1
+15 8
+9 2
+4 7
cfi=(43) ./string/../sysdeps/x86_64/memcmp.S
cfn=(124) bcmp
calls=1 22 
* 41
+1 2
+1 1
+4 1
+1 2
+1 1
-20 2
+19 1
+1 1
-20 2
-1 4
+70 1
+1 1
+4 1
-5 2
+1 4
+4 2
-4 1
+4 4
+1 1
-1 1
+1 2
+1 2
-2 5
+1 1
-1 1
+1 2
+1 2
-2 5
+5 1
+3 2
-3 2
+3 15
+7 1
-7 2
+2 3
+1 4
+2 1
fi=(236) ./elf/../sysdeps/x86/dl-hwcap.h
57 1
fe=(38)
233 2
fi=(236)
57 1
fe=(38)
233 2
fi=(236)
57 1
fe=(38)
233 1
+1 1
cfi=(22)
cfn=(60)
calls=1 41 
* 17
+1 1
+1 1
-6 1
+4 1
+1 1
-5 1
+5 1
+1 1
-1 2
-5 4
+10 3
-2 3
+2 1
+1 1
+1 1
-1 1
+4 4
+1 1
-1 1
+4 2
+4 1
-1 1
+1 4
-1 2
+4 3
+1 3
+19 10
+6 2
fi=(28)
56 1
cfi=(27)
cfn=(76)
calls=1 -21 
* 25
* 1
fe=(38)
283 2
+8 1
fi=(40)
54 1
+2 1
+34 1
-2 2
fe=(38)
-5 1
291 1
fi=(40)
54 1
+35 1
fe=(38)
291 1
fi=(40)
90 1
fe=(38)
-10 2
cfi=(41)
cfn=(116)
calls=1 -29 
* 13
* 2
fi=(40)
-26 2
+2 1
fe=(38)
+27 1
fi=(40)
-29 1
+34 2
+1 2
+1 1
fe=(38)
-8 2
+1 4
+7 2
-7 10
cfi=(29)
cfn=(128)
calls=2 199 
* 26
+4 2
+2 2
+2 2
-2 4
-9 4
cfi=(41)
cfn=(116)
calls=2 -29 
* 114
* 2
cfi=(41)
cfn=(116)
calls=1 -29 
* 122
* 6
304 1
+2 1
-2 1
-48 2
+72 1
-72 1
376 2
+13 2
-58 1
+45 1
+13 1
-58 1
-75 1
+82 1
+10 2
-92 1
+88 1
+4 3
-4 1
+3 7
-3 2
-3 1
+3 1
cfi=(29)
cfn=(128)
calls=1 199 
* 18
* 2
-3 1
+3 1
cfi=(29)
cfn=(128)
calls=1 199 
* 18
* 2
+3 2
-3 4
+3 5
+1 12
+1 2
-2 1
+2 1
cfi=(29)
cfn=(128)
calls=1 199 
* 15
* 2
-2 2
+5 8
cfi=(29)
cfn=(128)
calls=2 199 
* 30
* 4
+2 5
+5 6
+1 1
-1 3
+1 7
-1 25
+5 11
+4 1
-1 1
+1 2
-4 12
+4 2
-1 2
+1 13
-1 9
+1 18
+1 24
-1 12
-1 12
+2 24
-1 24
-1 24
+4 9
+3 1
+2 2
-1 1
-1 1
+2 1
-2 1
+2 2
-1 1
+1 2
+2 6
+1 2
+3 2
-6 2
+6 3
+7 8
+1 1
-1 2
+3 2
-3 3
+1 3
-1 6
+3 6
+3 4
-80 2
+86 9
-20 1
+1 2
-6 3
259 2
+1 2
+1 4
-1 3
+12 4
-44 2
+34 4
-2 3

fl=(151)
fn=(498)
30 2
+10 3
-10 1
+10 2
-10 1
+7 1
+3 2
cfi=(152) ./elf/./elf/dl-lookup-direct.c
cfn=(500) _dl_lookup_direct
calls=1 +34 
* 175
+4 2
+1 8
+2 3
-2 1
+2 3
cfi=(152)
cfn=(500)
calls=1 +27 
* 198
+4 2
+1 6
+1 2
-1 1
+1 2

fl=(56) ./io/../sysdeps/unix/sysv/linux/read_nocancel.c
fn=(180) __read_nocancel
25 3
+1 12
+1 3

fl=(58) ./io/../sysdeps/unix/sysv/linux/fstat64.c
fn=(190) fstat
29 8
+1 8
+5 12
cfi=(59)
cfn=(192)
calls=4 153 
* 32

fl=(68)
fn=(222) _dl_load_cache_lookup
416 20
+2 4
+3 6
+69 3
+5 1
208 1
495 3
208 1
495 2
+3 6
fi=(70) ./elf/../sysdeps/x86/dl-procinfo.h
39 4
+3 6
cfi=(32)
cfn=(90)
calls=2 +66 
* 50
* 8
fe=(68)
212 12
cfi=(10)
cfn=(24)
calls=2 405 
* 42
* 2
+16 4
-16 2
+6 4
+10 2
-7 10
+9 6
+1 2
-37 4
+37 2
+4 4
-5 42
+1 14
-37 28
+37 14
+4 28
+4 48
cfn=(230) _dl_cache_libcmp
calls=16 370 
* 1216
+1 32
359 14
+3 8
228 8
360 10
228 26
+2 10
+20 4
+3 4
+2 8
cfn=(230)
calls=2 370 
* 148
* 4
-7 4
-30 4
+1 2
+95 2
-95 2
-1 16
+96 6
-47 4
+10 4
+1 6
fi=(69) ./elf/../sysdeps/generic/dl-cache.h
125 10
fe=(68)
294 4
+9 4
+3 4
+2 6
+1 4
+5 4
+1 8
+7 4
+21 8
513 4
+12 4
cfi=(22)
cfn=(60)
calls=2 41 
* 70
* 24
+1 2
-1 2
+1 2
-1 2
+1 2
cfi=(29)
cfn=(80)
calls=2 212 
* 22
* 2
+1 2
cfi=(45) ./string/./string/strdup.c
cfn=(140) strdup
calls=2 40 
* 204
+1 16
-3 4
424 4
cfi=(54) ./elf/./elf/dl-misc.c
cfn=(224) _dl_sysdep_read_whole_file
calls=1 36 
* 91
* 1
+8 5
+1 8
+3 4
+1 1
-1 3
fi=(69)
194 1
+1 5
fe=(68)
444 1
+1 2

fn=(534)
537 1
+1 4
-1 1
+3 2
cfi=(128)
cfn=(536)
calls=1 117 
* 6
+1 1
+4 1
+2 2

fn=(230)
370 18
+1 18
+32 18
-33 36
+1 40
+2 90
+2 90
-2 180
+20 176
+2 176
-12 72
+2 72
+14 72
+1 72
-29 144
+32 6
-28 4
+8 2
-2 4
+1 4
-1 2
+2 6
+2 2
-3 2
+3 6
+2 4
+9 48

fl=(72)
fn=(238)
30 30
+4 3
+1 6
+11 3
-1 6
+18 12

fl=(54)
fn=(174) _dl_name_match_p
68 234
+1 78
cfi=(32)
cfn=(90)
calls=39 +39 
* 1305
* 78
+3 39
+2 78
+6 39
-6 78
+1 141
cfi=(32)
cfn=(90)
calls=47 +33 
* 1741
* 94
+8 8
-13 8
+13 55
-1 31
+1 93

fn=(224)
36 2
+3 1
-3 6
+3 1
-3 1
+3 1
cfi=(55)
cfn=(178)
calls=1 -11 
* 19
+1 2
+23 7
-21 4
cfi=(58)
cfn=(190)
calls=1 -13 
* 15
* 2
+2 2
+3 2
+13 2
cfi=(64) ./io/../sysdeps/unix/sysv/linux/close_nocancel.c
cfn=(204) __GI___close_nocancel
calls=1 -35 
* 6
* 1
-11 6
cfi=(60)
cfn=(194)
calls=1 -2 
* 9
* 2

fl=(67) ./io/../sysdeps/unix/sysv/linux/stat64.c
fn=(220) stat
28 20
+1 40
cfi=(59)
cfn=(192)
calls=10 153 
* 98

fl=(24)
fn=(84)
42 10
+2 20

fn=(264)
68 2
fi=(237) ./elf/../include/list.h
-24 1
fe=(24)
+24 1
fi=(237)
-25 1
fe=(24)
+26 1
+3 1
fi=(237)
-29 1
+1 1
+1 1
+2 1
fe=(24)
+28 4
+1 2
+1 1
+5 2
+5 1
+6 1
-3 1
+3 1
-6 3
+6 1
+13 3
fi=(75) ./elf/../sysdeps/unix/sysv/linux/rseq-internal.h
-72 1
fe=(24)
+72 1
cfi=(10)
cfn=(24)
calls=1 405 
* 20
fi=(75)
-74 3
+2 6
+3 2
+3 1
fe=(24)
+83 3
+7 2
+2 1
+1 1
+1 3

fn=(66)
53 3
+3 8
+5 1
-5 1
+5 1
+1 1
-6 1
+8 1

fl=(7)
fn=(12)
42 1
+1 2
+1 2
+1 2
+1 2
+1 1

fn=(494) lookup_malloc_symbol
61 8
+3 4
-3 16
+3 4
-3 4
+3 8
-1 4
+1 12
cfi=(78)
cfn=(278)
calls=4 840 
* 2280
+4 28
+1 28
+2 4
fi=(150) ./elf/./dl-sym-post.h
-30 8
+12 12
fe=(7)
+19 20

fn=(136) strsep
239 2
+3 4
+2 2
+1 4
+4 33
+7 84
-2 56
+13 1
+4 4
-22 14
+15 14
-15 30

fn=(490)
76 2
+10 1
fi=(149) ./elf/../sysdeps/generic/dl-hash.h
-41 1
fe=(7)
+31 1
fi=(149)
-32 1
fe=(7)
+32 5
+11 1
-1 1
fi=(149)
-43 1
+5 3
+14 4
-17 3
+3 15
+14 20
-17 15
fe=(7)
+46 2
fi=(149)
-24 1
fe=(7)
+22 1
+2 2
fi=(149)
-19 1
fe=(7)
+19 1
cfn=(494)
calls=1 -30 
* 619
+1 3
-1 1
+1 1
cfn=(494)
calls=1 -31 
* 619
+1 3
-1 1
+1 1
cfn=(494)
calls=1 -32 
* 605
+1 3
-1 1
+1 1
cfn=(494)
calls=1 -33 
* 597
+5 1
+1 1
+1 1
+1 1
+1 7

fl=(152)
fn=(500)
74 30
+2 3
-2 3
+4 3
-4 3
+2 3
+2 9
+37 3
-37 9
+1 6
+2 12
+3 25
-52 3
+54 6
-54 3
+54 3
-54 9
+1 9
+2 6
+1 6
+12 12
+3 3
+2 3
-2 3
+2 9
cfi=(32)
cfn=(90)
calls=3 +55 
* 207
* 6
+4 6
+1 3
-1 3
+1 18
+1 9
cfi=(32)
cfn=(90)
calls=3 +49 
* 75
* 6
+57 27
-23 6

fl=(160) ./elf/./elf/dl-runtime.c
fn=(524) _dl_fixup
46 80
+2 50
+1 10
+6 10
fi=(238) ./elf/../sysdeps/x86_64/dl-runtime.h
-27 10
fe=(160)
+21 10
+5 10
+1 10
-6 10
+6 20
+1 10
+2 10
-2 10
+2 10
-2 50
+7 20
+4 20
+4 30
+4 30
+1 40
-7 40
+16 10
-1 10
+1 20
+10 100
cfi=(78)
cfn=(278)
calls=10 840 
* 6050
* 10
+4 50
+10 100
+15 40
+9 30
+26 30
fi=(6)
+70 10
fe=(160)
-66 60
fi=(199) ./elf/../sysdeps/x86_64/dl-irel.h
32 1
cob=(3)
cfi=(91) ./string/../sysdeps/x86_64/multiarch/memcpy.c
cfn=(312) memcpy@@GLIBC_2.14
calls=1 -3 
* 22
fe=(160)
+93 2

fl=(31)
fn=(172)
2022 60
+8 12
+1 24
+3 93
+5 126
+2 54
cfi=(54)
cfn=(174)
calls=18 68 
* 1901
* 36
+4 30
+1 45
+4 6
-1 30
+1 6
+1 6
-1 6
+1 6
cfi=(32)
cfn=(90)
calls=6 108 
* 227
* 12
2329 54
2068 3
+1 3
-1 3
+1 3
-1 3
+1 3
-1 6
-44 3
+53 9
+17 6
-2 3
+2 3
cfi=(42)
cfn=(118)
calls=3 23 
* 72
* 6
2260 2
-1 3
cfn=(138) expand_dynamic_string_token
calls=1 385 
* 168
+2 1
-3 1
+1 1
+2 2
+4 5
cfn=(176) open_verify.constprop.1
calls=1 1568 
* 283
+3 2
-3 1
+3 1
+12 4
+46 1
+1 3
-1 1
+1 9
cfn=(184) _dl_map_object_from_fd
calls=1 944 
* 1819
-1 2
+1 6
-1 2
+1 18
cfn=(184)
calls=2 944 
* 4109
* 9
2098 4
cfi=(22)
cfn=(60)
calls=2 41 
* 34
* 4
+2 4
+7 8
+51 22
cfn=(216) open_path
calls=2 1870 
* 1944
+6 2
-6 2
+6 8
682 2
2165 2
682 4
2252 4
+28 8
+2 8
2111 2
696 6
2111 2
+1 2
696 4
2116 6
682 2
2117 2
682 4
2173 2
+14 4
+2 6
+4 4
cfi=(68)
cfn=(222)
calls=2 416 
* 2471
* 2
+2 4
+4 4
+8 6
+23 12
cfn=(218) open_verify.constprop.0
calls=2 1568 
* 669
+4 4
-4 2
+4 2
+1 4
2131 10
+1 20
682 2
2133 2
682 4
2157 6
+1 4
-16 4

fn=(138)
385 14
241 2
385 2
241 2
385 2
241 2
cfi=(42)
cfn=(118)
calls=2 23 
* 72
+3 4
410 2
-11 2
+11 12
-11 2
cfi=(45)
cfn=(140)
calls=2 40 
* 168

fn=(134) fillin_rpath.isra.0
468 7
+4 1
-4 8
+6 3
cfi=(7)
cfn=(136)
calls=1 239 
* 240
* 3
cfi=(7)
cfn=(136)
calls=1 239 
* 8
* 6
+7 2
+2 3
cfn=(138)
calls=1 -98 
* 118
* 1
+4 2
+5 2
cfi=(22)
cfn=(60)
calls=1 41 
* 17
* 1
+1 2
+7 5
+9 15
+1 8
+55 2
fi=(28)
50 2
cfi=(27)
cfn=(144)
calls=1 +45 
* 5
+1 1
fe=(31)
528 2
+4 3
fi=(28)
56 1
cfi=(27)
cfn=(76)
calls=1 -21 
* 25
* 1
fe=(31)
534 2
+5 1
+1 2
-1 1
-1 1
+2 1
cfi=(29)
cfn=(128)
calls=1 199 
* 13
+3 1
-3 1
+1 1
+2 1
+6 1
+1 1
-1 3
+1 11
+1 1
-1 1
+1 2
-1 2
+1 1
-1 1
+1 2
-1 6
+1 1
-1 1
+1 1
-1 3
+1 1
-1 2
+3 1
+1 1
-1 1
+1 2
+1 1
+6 2
+1 2
-57 4
+66 1
+3 8
-46 4

fn=(106)
706 11
+14 1
-14 2
+14 2
cfi=(38)
cfn=(108)
calls=1 175 
* 1847
fi=(28)
56 1
fe=(31)
720 1
fi=(28)
56 1
cfi=(27)
cfn=(76)
calls=1 -21 
* 25
fe=(31)
725 1
+2 2
+7 2
+1 2
-1 3
+5 3
fi=(28)
56 1
cfi=(27)
cfn=(76)
calls=1 -21 
* 25
fe=(31)
739 1
+2 4
+17 1
-10 1
+19 1
-11 1
-9 1
+9 1
+12 2
-10 1
+3 2
+9 1
-7 1
+4 1
+3 2
-3 1
-8 1
+3 1
+8 1
-3 1
+1 16
cfi=(44)
cfn=(132)
calls=4 125 
* 72
+2 18
-14 3
+10 3
+4 3
-12 3
-2 3
+2 3
+4 3
-3 3
+3 3
+1 3
-2 3
+5 6
+1 3
-4 3
+4 3
+15 1
+3 1
-15 1
+7 1
-1 1
+9 2
+2 4
+2 3
+36 5
+2 2
cfi=(22)
cfn=(60)
calls=1 41 
* 17
* 9
-19 1
-2 1
+2 2
+19 9
cfi=(29)
cfn=(80)
calls=1 212 
* 11
* 1
+5 4
-1 2
+2 1
+1 2
-2 4
+1 13
+1 26
-2 52
+5 1
fi=(28)
56 1
cfi=(27)
cfn=(76)
calls=1 -21 
* 25
fe=(31)
836 1
fi=(28)
56 1
fe=(31)
838 2
+6 6
cfn=(134)
calls=1 468 
* 587
+3 3
+6 1
+4 8
-35 2
+5 2

fn=(176)
1568 11
+39 3
+19 4
cfi=(55)
cfn=(178)
calls=1 28 
* 19
* 1
+2 2
+11 1
+6 2
-5 1
+5 8
cfi=(56)
cfn=(180)
calls=1 25 
* 6
+2 2
+2 2
+2 2
+6 2
+17 11
fi=(28)
50 2
cfi=(27)
cfn=(144)
calls=1 +45 
* 5
fe=(31)
1856 9
1674 3
+74 2
+5 2
+2 4
+6 2
+6 1
+1 1
-1 3
+1 1
-1 1
+1 2
+1 2
+20 3
+31 1
-31 1
1633 1
1820 2
-31 66
+1 28
+1 8
+4 8
+25 12
+3 18
+3 2
-4 2
+4 4
+6 4
-36 6

fn=(184)
944 30
+10 3
-10 12
+10 3
cfi=(46)
cfn=(186)
calls=3 38 
* 21
* 3
+7 12
+85 12
+10 6
+7 21
cfi=(26)
cfn=(70)
calls=3 59 
* 1078
* 3
+1 6
+11 6
+5 3
-5 3
+1 6
+1 3
+2 3
-2 3
+2 6
+1 9
+1 4
+19 4
-2 2
+2 22
-2 1
+2 40
+10 12
+85 3
-58 3
-34 3
-1 3
+93 3
+6 3
-64 6
+9 3
+55 6
-55 3
-42 3
+97 6
1101 3
-5 6
+15 86
+20 2
+1 1
-22 99
+1 185
1213 6
1110 3
1213 6
1110 9
1218 9
+10 6
+1 3
-1 3
+1 3
-1 9
+1 9
-1 9
+1 9
-1 27
1076 6
1235 6
+10 12
+7 6
fi=(61) ./elf/./dl-map-segments.h
96 3
fe=(31)
1252 9
fi=(61)
28 3
fe=(31)
1252 3
fi=(61)
96 3
fe=(31)
1252 3
fi=(61)
28 6
+1 24
cfi=(60)
cfn=(194)
calls=3 +18 
* 27
+74 6
-1 3
-73 3
+74 3
+3 6
+1 3
+2 3
-3 3
+1 3
+2 3
+17 3
+2 3
fi=(62) ./elf/./dl-load.h
-37 24
+1 9
+2 24
fi=(61)
+56 48
+8 3
-2 3
+1 3
+2 3
-1 3
+1 3
-1 9
+8 6
+3 6
+8 21
cfi=(44)
cfn=(132)
calls=3 -52 
* 251
+1 6
+5 6
+12 12
-59 60
+2 18
+3 9
-3 18
+2 72
cfi=(60)
cfn=(194)
calls=9 -93 
* 81
* 27
fi=(57) ./elf/../sysdeps/posix/dl-fileid.h
37 9
cfi=(58)
cfn=(190)
calls=3 -8 
* 45
* 6
fe=(31)
999 6
fi=(57)
40 9
fe=(31)
999 3
fi=(57)
40 3
fe=(31)
999 39
+1 18
fi=(57)
49 24
fe=(31)
1515 27
1018 6
+66 13
+1 2
-1 1
+1 1
-1 1
+1 1
cfi=(71)
cfn=(234)
calls=1 25 
* 7
* 2
+26 38
+26 72
+10 12
-1 12
-1 12
+2 12
+2 12
-2 12
-1 72
+2 24
+1 12
+2 12
-3 12
+3 72
+2 24
+4 24
+1 45
+4 9
+1 9
-1 9
+1 63
-18 9
+28 9
-11 3
+1 3
-1 3
+1 21
-18 3
+28 3
-56 6
+7 3
+2 3
-2 3
+1 3
+1 3
-1 6
+1 24
+50 3
+5 1
-1 2
+5 1
-5 2
-56 1
+61 4
+1 1
+3 1
-3 1
+8 4
+15 6
+1 3
+58 12
+1 9
fi=(63) ./elf/./elf/get-dynamic-info.h
39 6
+6 3
-2 3
+2 6
+9 3
+5 3
+3 3
+2 3
-3 3
-3 3
-3 48
+13 14
-23 56
+23 52
-23 208
+4 132
+5 68
+2 15
+3 12
+13 12
+10 11
+1 12
+1 12
+1 12
+2 12
+5 11
+1 11
+1 12
+3 9
+5 4
+7 6
+1 9
+22 9
+5 4
+2 4
+2 4
+2 4
+4 9
+2 3
+1 2
+9 2
+6 2
+4 6
fe=(31)
1275 6
+1 6
+2 6
+10 9
+19 9
+2 15
+52 9
+1 2
+6 24
+1 60
+6 12
cfn=(88)
calls=3 868 
* 60
-7 78
+1 36
+6 36
-6 72
fi=(30)
95 24
213 3
-1 6
105 6
212 3
105 3
-2 3
-3 3
+2 3
+3 3
-4 6
+92 12
-1 3
-87 9
+3 9
+1 6
+1 6
+4 9
+4 9
+3 9
+1 6
+4 3
+1 12
+58 9
+2 12
-56 10
+1 5
+3 10
+3 5
+1 20
+5 10
+2 10
+5 10
+14 5
-1 10
+2 4
-1 6
fe=(31)
1380 6
cfi=(64)
cfn=(204)
calls=3 25 
* 18
* 6
+13 6
+2 12
+2 6
+16 6
cfi=(8)
cfn=(14)
calls=3 25 
* 87
+4 6
+1 6
+17 6
+1 1
+3 1
+5 1
-5 1
+5 1
-5 2
+5 2
-5 2
+5 2
+10 6
+7 18
+10 6
+1 4
+5 2
cfi=(47)
cfn=(236)
calls=1 131 
* 10
+7 9
cfi=(26)
cfn=(82)
calls=3 31 
* 147
+3 12
+23 21
+1 9
cfi=(49)
cfn=(206) _dl_audit_objopen
calls=3 76 
* 15
* 3
fi=(62)
95 10
+2 2
-1 4
+1 2
-1 2
+1 2
-1 2
+1 2
-1 4
+3 8
fe=(31)
1506 15
fi=(30)
198 12
+2 3
+1 3
+2 3
-3 9
fe=(31)
1368 9
fi=(63)
62 12
+2 12
fe=(31)
1084 2
fi=(61)
187 8
cfi=(60)
cfn=(194)
calls=1 47 
* 9
+3 2
fe=(31)
1462 9
+2 2
-1 10
+1 2
-1 2
+1 2
-1 2
cfi=(32)
cfn=(90)
calls=2 108 
* 50
* 4
+2 5
1275 4
fi=(57)
49 3
fi=(30)
170 6
-39 4
fe=(31)

fn=(88)
868 4
+8 4
-8 4
+8 4
-6 4
+12 8
-13 4
+13 4
-13 4
+13 8
+3 12
+1 8
+1 8
+43 4

fn=(216)
1870 16
+1 2
-1 12
+1 2
+6 4
+5 32
-7 4
+7 2
-8 2
+8 4
+3 4
+9 12
+7 6
+1 2
-1 2
cfi=(29)
cfn=(128)
calls=2 199 
* 26
-12 2
+12 2
+59 10
-58 8
+3 40
+5 88
cfi=(29)
cfn=(128)
calls=11 199 
* 147
* 44
cfi=(29)
cfn=(128)
calls=11 199 
* 143
+3 22
+6 33
+3 66
cfn=(218)
calls=11 1568 
* 594
* 11
+2 33
+2 20
+65 16
+7 4
-2 4
+2 4
+3 6
-13 2
+27 18
-65 4
+2 2
-50 107
+29 20
+1 70
+6 20
+2 10
-2 10
+2 20
cfi=(67)
cfn=(220)
calls=10 28 
* 158
* 10
+3 10
-3 20
+1 1
+2 2
-2 1
+2 26
-61 4

fn=(218)
1568 143
+39 39
+19 52
cfi=(55)
cfn=(178)
calls=13 28 
* 280
* 13
+2 26
+11 2
+6 4
-5 2
+5 16
cfi=(56)
cfn=(180)
calls=2 25 
* 12
+2 4
+2 4
+2 4
+6 4
+17 22
fi=(28)
50 4
cfi=(27)
cfn=(144)
calls=2 +45 
* 10
fe=(31)
1856 117
1674 6
+74 4
+5 4
+2 8
+6 4
+6 2
+1 2
-1 6
+1 2
-1 2
+1 4
+1 2
+20 6
+31 2
-31 2
1633 2
1820 4
-31 84
+1 44
+1 16
+4 16
+6 4
+1 28
+10 12
cfi=(71)
cfn=(234)
calls=2 25 
* 14
* 16
+8 36
+15 4
+6 2
-3 2
+1 2
+1 2
+1 4
-3 2
+1 2
+1 2
+2 2
-3 6
-1 2
+4 4
-19 36
+3 4
-4 4
+4 8
+5 2
+1 8
-60 13
+1 3
-1 1
+1 3
cfi=(71)
cfn=(234)
calls=1 25 
* 7
* 3
+16 5
+7 6
1612 22
+62 6
1802 4
-30 2

fn=(212)
238 10
+3 5
-3 10
+7 5
-7 10
+3 5
cfi=(42)
cfn=(118)
calls=5 23 
* 168
+3 10
+20 35

fl=(49)
fn=(606)
117 1
+1 4

fn=(862)
96 5
+1 20

fn=(206)
76 3
+1 12

fn=(154)
28 6
+2 1
-1 1
+1 2
+6 6

fn=(532)
40 6
+4 3
-4 3
+4 3
-4 3
+4 3
-4 6
+4 3
+1 3
+1 12
+4 18

fl=(45)
fn=(140)
40 20
+1 4
cfi=(22)
cfn=(60)
calls=4 * 
* 148
* 4
fi=(239) ./string/../include/rtld-malloc.h
+15 8
cfi=(27)
cfn=(76)
calls=4 -21 
* 100
fe=(45)
-12 8
+4 4
-1 12
+1 8
-1 4
cfi=(29)
cfn=(80)
calls=4 212 
* 52

fl=(74)
fn=(254) _dl_check_map_versions
155 40
+15 5
-15 10
+15 10
+2 25
+2 5
+1 5
-1 5
+1 5
+2 10
+3 6
-16 3
-8 3
+28 3
-4 3
+4 6
+16 3
36 6
200 3
36 15
200 2
36 4
200 2
36 10
+1 16
-1 32
+2 63
cfi=(54)
cfn=(174)
calls=21 +30 
* 2199
* 42
208 15
+5 5
-71 10
+71 15
+8 5
-2 5
-2 10
+4 5
-4 30
+4 8
-2 8
-2 16
+4 8
-4 78
56 52
+8 39
+6 39
+16 13
+1 26
+2 13
+5 117
+14 336
+12 465
+4 155
-30 310
224 52
+3 39
+5 8
-11 8
110 13
+3 52
cfi=(32)
cfn=(90)
calls=13 -5 
* 412
* 57
236 20
+5 4
-44 2
+1 2
+52 6
+3 12
+10 56
-7 224
+3 168
-3 12
+3 9
+8 8
+6 4
fi=(28)
44 4
fe=(74)
273 4
fi=(28)
44 4
cfi=(27)
cfn=(72)
calls=4 +34 
* 144
fe=(74)
272 4
fi=(28)
44 4
fe=(74)
274 8
+13 4
-3 4
+3 16
+2 12
+3 12
+4 15
+7 13
+1 13
-1 39
+1 13
+1 13
-2 13
+2 26
+1 39
+3 39
+5 8
-15 8
+2 8
-2 8
+2 8
-2 8
+2 16
-2 5
+2 5
-2 5
+2 5
-2 5
+2 10
+16 15
+5 2
-28 2
+62 45
-29 12
+3 12
+4 56
+6 56
+1 56
+1 56
-1 168
+1 56
-1 56
+1 56
+1 56
+3 168
+4 56
-14 118
+10 9
164 2
+86 2
-94 2
+94 3

fn=(252)
361 6
+4 5
-2 2
+4 30
cfn=(254)
calls=5 155 
* 7098
-2 5
+2 15
-1 5
-1 10
+5 7

fl=(9)
fn=(16)
85 4
+25 1
-25 6
+25 1
-1 1
+1 129
+11 1
-8 1
+1 1
-4 1
+3 1
+6 1
+2 13
-34 1
-1 1
+36 113
+3 1
+1 1
-5 85
+57 1
-57 1
+58 1
-1 1
-57 3
+29 1
-29 1
+30 1
-1 1
-29 3
+41 1
-41 1
+42 1
-1 1
-41 3
+35 1
-35 1
+36 1
-1 1
-35 3
+32 1
-32 1
+33 1
-1 1
-32 4
+13 1
-13 1
+14 1
-1 1
-13 3
+10 1
-10 1
+11 1
-1 1
-10 3
+7 1
-7 4
224 1
cfi=(10)
cfn=(18)
calls=1 +58 
* 20517
+3 1
cfi=(12)
cfn=(22)
calls=1 +54 
* 32
fi=(13)
36 2
cfi=(14)
cfn=(28)
calls=1 -1 
* 8
fi=(6)
215 1
cfi=(15)
cfn=(32)
calls=1 37 
* 7224
fe=(9)
+23 3
+1 1
cfi=(22)
cfn=(60)
calls=1 41 
* 17
* 1
+2 2
cfi=(23)
cfn=(62)
calls=1 37 
* 15
* 3
+12 3
+3 5
cfi=(2)
cfn=(64)
calls=1 1320 
* 124793
+2 9

fn=(530)
262 1
+1 1

fl=(153)
fn=(504)
27 1
+2 2
-2 1
+6 3
-6 1
+6 3
-6 1
+6 1
cfi=(152)
cfn=(500)
calls=1 +41 
* 177
+4 2
+2 4
+2 1
-1 1
+1 2
-1 1
cob=(3)
cfi=(154) ./elf/./elf/libc_early_init.c
cfn=(506) __libc_early_init
calls=1 -7 
* 1152

fl=(32)
fn=(90)
108 245
+33 245
+1 245
+2 245
+1 245
+21 245
+1 245
+1 214
+1 214
+1 181
+1 181
+1 181
+1 181
+21 181
+1 181
+1 181
+1 181
+1 181
+1 181
+1 181
+5 5
+1 15
+9 5
+1 5
+1 5
+1 5
+1 5
+1 5
+1 5
+1 5
-7 64
+1 64
+1 64
+1 64
+1 64
+1 64
+1 64
+1 64
+1 64
+1 32
+1 32
+1 32
+2 32
+1 32
+1 32
+1 32
+1 32
+1 32
-5 32
+1 32
+1 32
+1 32
+1 32
+1 32
+10 5
+1 5
+1 5
+2 5
+6 5
+1 5
+1 5
+1 5
+1 5
+5 5
+2 4
+1 4
+1 8
+8 4
+1 4
+3 4
+1 4
+1 4
+1 4
+1 4
+1 4
568 1
+1 1
+1 1
+1 1
+1 1
+2 1
+1 1
+1 1
+1 1
+1 1
+1 1
+1 1
+1 1
+4 1
+1 1
+1 1
+6 1
+1 1
+1 2
+4 1
+1 1
+3 1
+1 1
+1 1
+3 1
+1 1
+1 1
+6 1
+1 1
+1 1
+1 1
+1 1
+1 1
943 2
+1 2
+1 2
+1 2
+1 2
+2 2
+1 2
+1 2
+1 2
+1 2
+1 2
+1 2
+1 1
+4 1
+1 1
+1 1
+6 1
+1 1
+1 2
+4 1
+1 1
+3 1
+1 1
+1 1
+3 1
+1 1
+1 1
+6 1
+1 1
+1 1
+1 1
+1 1
+1 1
+72 7
+1 7
+1 7
+1 7
+1 7
+2 7
+1 7
+1 7
+1 7
+1 7
+1 7
+1 7
+1 2
+4 2
+1 2
+1 2
+6 2
+1 2
+1 4
+4 2
+1 2
+3 2
+1 2
+1 2
+3 2
+1 2
+1 2
+6 2
+1 2
+1 2
+1 2
+1 2
+1 2
+7 1
+1 1
+2 1
+1 1
+2 1
+1 1
+1 1
+3 1
+1 1
+1 1
+6 1
+1 1
+1 1
+1 1
+1 1
+1 1
+41 2
+1 2
+1 2
+1 2
+1 2
+2 2
+1 2
+1 2
+1 2
+1 2
+1 2
+1 2
1318 16
+1 16
+1 16
+1 16
+1 16
+2 16
+1 16
+1 16
+1 16
+1 16
+1 16
+1 16
+1 5
+4 5
+1 5
+1 5
+6 5
+1 5
+1 10
+4 5
+1 5
+3 5
+1 5
+1 5
+3 5
+1 5
+1 5
+6 5
+1 5
+1 5
+1 5
+1 5
+1 5
+72 4
+1 4
+1 4
+1 4
+1 4
+2 4
+1 4
+1 4
+1 4
+1 4
+1 4
+1 4
+1 1
+4 1
+1 1
+1 1
+6 1
+1 1
+1 2
+4 1
+1 1
+3 1
+1 1
+1 1
+3 1
+1 1
+1 1
+6 1
+1 1
+1 1
+1 1
+1 1
+1 1
1693 6
+1 6
+1 6
+1 6
+1 6
+2 6
+1 6
+1 6
+1 6
+1 6
+1 6
+1 6
+1 2
+4 2
+1 2
+1 2
+6 2
+1 2
+1 4
+4 2
+1 2
+3 2
+1 2
+1 2
+3 2
+1 2
+1 2
+6 2
+1 2
+1 2
+1 2
+1 2
+1 2
+72 1
+1 1
+1 1
+1 1
+1 1
+2 1
+1 1
+1 1
+1 1
+1 1
+1 1
+1 1
1943 2
+1 2
+1 2
+1 2
+1 2
+2 2
+1 2
+1 2
+1 2
+1 2
+1 2
+1 2
+1 2
+4 2
+1 2
+1 2
+6 2
+1 2
+1 4
+4 2
+1 2
+3 2
+1 2
+1 2
+3 2
+1 2
+1 2
+6 2
+1 2
+1 2
+1 2
+1 2
+1 2
+72 23
+1 23
+1 23
+1 23
+1 23
+2 23
+1 23
+1 23
+1 23
+1 23
+1 23
+1 23
+2 7
+4 7
+1 7
+1 7
+6 7
+1 7
+2 14
+4 7
+1 7
+3 7
+1 7
+1 7
+3 7
+1 7
+1 7
+6 7
+1 7
+1 7
+1 7
+1 7
+1 7
+74 25
+2 25
+1 25
+1 25
+1 25
-3 44
+1 44
+1 44
+1 44
+1 64
+5 32
+6 32
+1 32
+8 32
+1 32
-16 213
+6 213
+1 213
+8 213
+1 213

fl=(60)
fn=(194)
47 32
+3 32
+8 64
+2 16

fl=(77)
fn=(270)
194 10
+14 5
-14 45
+16 5
-16 10
+14 5
+2 10
+3 5
-1 5
+1 10
+19 10
+6 25
-34 10
+38 10
+7 20
fi=(6)
71 18
+6 12
+4 9
+14 3
-8 3
+8 6
+20 6
+4 15
-2 6
fe=(77)
288 206
-83 3
fi=(6)
474 12
fe=(77)
205 6
+83 6
fi=(5)
49 3
fe=(77)
288 3
fi=(5)
60 3
-11 6
+11 6
fe=(77)
288 2
-83 2
fi=(6)
474 8
fe=(77)
205 4
+83 4
fi=(5)
49 2
fe=(77)
288 2
fi=(5)
60 2
-11 4
+11 4
fe=(77)
288 10
fi=(5)
49 5
fe=(77)
288 5
fi=(5)
60 5
-11 10
+11 10
-7 3
-1 3
+11 24
fi=(6)
545 82
+4 82
+3 123
+1 41
fi=(5)
63 123
+2 392
+2 171
-4 171
+13 18
+1 16
+1 114
fi=(6)
545 57
+34 114
+2 57
cob=(4)
cfi=(134) ./math/../sysdeps/x86_64/fpu/multiarch/s_sin.c
cfn=(476) sin
calls=1 27 
* 9
cob=(4)
cfi=(146) ./math/../sysdeps/x86_64/fpu/multiarch/e_atan2.c
cfn=(472) __atan2_finite@GLIBC_2.15
calls=1 26 
* 9
cob=(4)
cfi=(145) ./math/../sysdeps/x86_64/fpu/multiarch/e_exp2f.c
cfn=(468) exp2f@@GLIBC_2.27
calls=1 27 
* 9
cob=(4)
cfi=(142) ./math/../sysdeps/x86_64/fpu/multiarch/e_asin.c
cfn=(464) __asin_finite@GLIBC_2.15
calls=1 27 
* 8
cob=(4)
cfi=(144) ./math/../sysdeps/x86_64/fpu/multiarch/s_fma.c
cfn=(462) fma
calls=1 49 
* 6
cob=(4)
cfi=(143) ./math/../sysdeps/x86_64/fpu/multiarch/s_sinf.c
cfn=(458) sinf
calls=1 26 
* 9
cob=(4)
cfi=(142)
cfn=(454) __acos_finite@GLIBC_2.15
calls=1 35 
* 8
cob=(4)
cfi=(141) ./math/../sysdeps/x86_64/fpu/multiarch/e_log.c
cfn=(450) __log_finite@GLIBC_2.15
calls=1 27 
* 9
cob=(4)
cfi=(140) ./math/../sysdeps/x86_64/fpu/multiarch/e_log2f.c
cfn=(446) log2f@@GLIBC_2.27
calls=1 27 
* 9
cob=(4)
cfi=(138) ./math/../sysdeps/x86_64/fpu/multiarch/e_pow.c
cfn=(442) __pow_finite@GLIBC_2.15
calls=1 27 
* 8
cob=(4)
cfi=(137) ./math/../sysdeps/x86_64/fpu/multiarch/e_powf.c
cfn=(438) powf@@GLIBC_2.27
calls=1 30 
* 9
cob=(4)
cfi=(136) ./math/../sysdeps/x86_64/fpu/multiarch/s_sincosf.c
cfn=(434) sincosf
calls=1 26 
* 9
cob=(4)
cfi=(135) ./math/../sysdeps/x86_64/fpu/multiarch/e_logf.c
cfn=(430) logf@@GLIBC_2.27
calls=1 27 
* 9
cob=(4)
cfi=(134)
cfn=(426) cos
calls=1 34 
* 9
cob=(4)
cfi=(133) ./math/../sysdeps/x86_64/fpu/multiarch/e_expf.c
cfn=(422) expf@@GLIBC_2.27
calls=1 27 
* 9
cob=(4)
cfi=(131) ./math/../sysdeps/x86_64/fpu/multiarch/e_exp.c
cfn=(418) __exp_finite@GLIBC_2.15
calls=1 27 
* 9
cob=(4)
cfi=(129) ./math/../sysdeps/x86_64/fpu/multiarch/s_cosf.c
cfn=(414) cosf
calls=1 26 
* 9
cob=(3)
cfi=(127) ./string/../sysdeps/x86_64/multiarch/rawmemchr.c
cfn=(406) rawmemchr
calls=1 31 
* 23
cob=(3)
cfi=(126) ./string/../sysdeps/x86_64/multiarch/strncase.c
cfn=(404) strncasecmp
calls=1 31 
* 7
cob=(3)
cfi=(125) ./string/../sysdeps/x86_64/multiarch/mempcpy.c
cfn=(400) mempcpy
calls=1 33 
* 22
cob=(3)
cfi=(124) ./string/../sysdeps/x86_64/multiarch/strspn.c
cfn=(398) strspn
calls=1 29 
* 7
cob=(3)
cfi=(122) ./string/../sysdeps/x86_64/multiarch/memchr.c
cfn=(394) memchr
calls=1 29 
* 23
cob=(3)
cfi=(121) ./string/../sysdeps/x86_64/multiarch/stpcpy.c
cfn=(390) stpcpy
calls=1 33 
* 17
cob=(3)
cfi=(119) ./wcsmbs/../sysdeps/x86_64/multiarch/wmemcmp.c
cfn=(386) wmemcmp
calls=1 29 
* 22
cob=(3)
cfi=(118) ./string/../sysdeps/x86_64/multiarch/strncpy.c
cfn=(382) strncpy
calls=1 29 
* 17
cob=(3)
cfi=(117) ./string/../sysdeps/x86_64/multiarch/strlen.c
cfn=(378) strlen
calls=1 29 
* 21
cob=(3)
cfi=(116) ./string/../sysdeps/x86_64/multiarch/strcasecmp_l.c
cfn=(376) strcasecmp_l
calls=1 31 
* 7
cob=(3)
cfi=(115) ./string/../sysdeps/x86_64/multiarch/strcpy.c
cfn=(372) strcpy
calls=1 29 
* 17
cob=(3)
cfi=(114) ./string/../sysdeps/x86_64/multiarch/strchrnul.c
cfn=(368) strchrnul
calls=1 31 
* 21
cob=(3)
cfi=(113) ./string/../sysdeps/x86_64/multiarch/memrchr.c
cfn=(364) memrchr
calls=1 29 
* 21
cob=(3)
cfi=(111) ./wcsmbs/../sysdeps/x86_64/multiarch/wmemset.c
cfn=(360) wmemset
calls=2 31 
* 38
cob=(3)
cfi=(109) ./string/../sysdeps/x86_64/multiarch/memcmp.c
cfn=(356) bcmp
calls=1 29 
* 22
cob=(3)
cfi=(108) ./string/../sysdeps/x86_64/multiarch/strncase_l.c
cfn=(354) strncasecmp_l
calls=1 31 
* 7
cob=(3)
cfi=(107) ./string/../sysdeps/x86_64/multiarch/strcat.c
cfn=(350) strcat
calls=1 29 
* 17
cob=(3)
cfi=(106) ./wcsmbs/../sysdeps/x86_64/multiarch/wcscpy.c
cfn=(348) wcscpy
calls=1 43 
* 7
cob=(3)
cfi=(105) ./string/../sysdeps/x86_64/multiarch/strcspn.c
cfn=(346) strcspn
calls=1 29 
* 7
cob=(3)
cfi=(104) ./string/../sysdeps/x86_64/multiarch/strcasecmp.c
cfn=(344) strcasecmp
calls=1 31 
* 7
cob=(3)
cfi=(103) ./string/../sysdeps/x86_64/multiarch/strncmp.c
cfn=(342) strncmp
calls=1 66 
* 17
cob=(3)
cfi=(101) ./wcsmbs/../sysdeps/x86_64/multiarch/wmemchr.c
cfn=(338) wmemchr
calls=2 31 
* 46
cob=(3)
cfi=(99) ./string/../sysdeps/x86_64/multiarch/stpncpy.c
cfn=(334) stpncpy
calls=1 31 
* 17
cob=(3)
cfi=(98) ./wcsmbs/../sysdeps/x86_64/multiarch/wcscmp.c
cfn=(330) wcscmp
calls=1 30 
* 21
cob=(3)
cfi=(97) ./string/../sysdeps/x86_64/multiarch/memmove.c
cfn=(326) memmove
calls=2 29 
* 44
cob=(3)
cfi=(96) ./string/../sysdeps/x86_64/multiarch/strrchr.c
cfn=(322) rindex
calls=1 28 
* 21
cob=(3)
cfi=(95) ./string/../sysdeps/x86_64/multiarch/strchr.c
cfn=(320) index
calls=1 61 
* 19
cob=(3)
cfi=(93) ./wcsmbs/../sysdeps/x86_64/multiarch/wcschr.c
cfn=(316) wcschr
calls=2 31 
* 42
cob=(3)
cfi=(91)
cfn=(312)
calls=1 29 
* 22
cob=(3)
cfi=(90) ./wcsmbs/../sysdeps/x86_64/multiarch/wcslen.c
cfn=(308) wcslen
calls=1 29 
* 19
cob=(3)
cfi=(88) ./string/../sysdeps/x86_64/multiarch/memset.c
cfn=(304) memset
calls=1 29 
* 24
cob=(3)
cfi=(86) ./wcsmbs/../sysdeps/x86_64/multiarch/wcsnlen.c
cfn=(300) wcsnlen
calls=1 29 
* 19
cob=(3)
cfi=(85) ./string/../sysdeps/x86_64/multiarch/strcmp.c
cfn=(298) strcmp
calls=1 65 
* 17
cob=(3)
cfi=(84) ./string/../sysdeps/x86_64/multiarch/strpbrk.c
cfn=(296) strpbrk
calls=1 29 
* 7
cob=(3)
cfi=(82) ./string/../sysdeps/x86_64/multiarch/strnlen.c
cfn=(292) strnlen
calls=2 31 
* 42
-36 57
+37 57
fi=(5)
77 173
fe=(77)
288 40
+3 30
+24 5
+3 10
+17 15
+2 40
-98 10
fi=(5)
86 14
+2 14
+12 7
-14 28
+14 14
+10 10
+3 14
+1 4
fi=(6)
529 4
fi=(5)
114 4
fi=(6)
529 8
fi=(5)
114 1200
fi=(6)
529 1200
fi=(5)
114 1200
fi=(6)
529 2400
+5 2408
+1 1204
fi=(5)
113 1204
fi=(6)
535 1204
-5 1204
fi=(5)
113 2408
+7 28
+4 20
+2 10
-73 4
fi=(6)
484 4
fi=(5)
52 4
fi=(6)
484 8
fi=(5)
128 8
+1 4
+1 4
-2 4
+2 4
+3 4
-5 4
+2 4
-2 4
+1 8
+2 4
-2 4
+2 12
+2 8
-5 210
+1 105
+1 105
-2 105
+2 105
+3 105
-5 105
+2 105
-2 105
+1 210
+2 105
-2 105
+2 315
+2 210
+9 107
fi=(6)
262 214
+21 214
+4 214
+7 428
fi=(4)
138 273
fi=(6)
294 3478
cfi=(78)
cfn=(278)
calls=88 840 
* 53840
* 792
+2 273
+30 642
450 267
fi=(5)
145 303
-19 327
+32 20
+1 6
fi=(6)
294 2
+22 2
-22 4
fi=(5)
160 6
+3 2
+4 2
-4 2
+4 4
-2 2
-2 2
+2 2
+1 2
-1 4
fi=(6)
294 8
508 2
-1 4
+1 4
+1 2
cfi=(15)
cfn=(502)
calls=1 71 
* 6
cob=(3)
cfi=(80) ./string/../sysdeps/x86/cacheinfo.c
cfn=(288) __x86_cacheinfo
calls=1 86 
* 28
+1 2
fi=(5)
159 2
fi=(6)
510 2
fi=(5)
159 8
-13 12
fi=(6)
422 54
+4 72
+5 18
+9 18
-9 36
+9 18
fi=(5)
145 68
fi=(6)
296 149
+3 101
-3 101
+3 202
fi=(5)
135 10
+3 2
fi=(6)
296 85
+3 85
-3 186
+3 4
fi=(5)
50 10
fe=(77)
308 14
fi=(6)
-14 29
fe=(77)
+49 25
+3 5
-3 5
+3 5
+4 10
+1 20
cfi=(128)
cfn=(410)
calls=5 117 
* 30
* 10
-63 3
fi=(5)
53 2
175 7
+2 2
+1 2
-1 1
+3 1
-3 4
+3 2
-3 10
+1 10
-1 5
+3 5
-3 20
+3 10
+8 6
fi=(6)
+74 12
+21 12
+4 12
+7 24
fi=(4)
138 18
fi=(6)
294 204
cfi=(78)
cfn=(278)
calls=6 840 
* 3515
* 54
+2 18
+30 36
450 12
fi=(5)
191 18
-16 18
+30 4
fi=(6)
+91 2
+3 2
-3 2
+3 4
-3 2
+3 2
-3 4
fe=(77)

fl=(159)
fn=(522)
67 10
+5 10
+3 10
+2 10
+10 10
+6 10
+1 10
+1 10
+1 10
+1 10
+1 10
+1 10
+4 10
+1 10
+3 10
+1 10
+2 10
+1 10
+1 10
+1 10
+1 10
+1 10
+2 10
+7 10
+1 10
+1 10
cfi=(160)
cfn=(524)
calls=10 -80 
* 7035
+1 10
+5 10
+1 10
+1 10
+2 10
+1 10
+1 10
+1 10
+1 10
+1 10
+1 10
+2 10
+2 10
+4 10
+2 10

fl=(13)
fn=(100)
46 5
+2 3
+85 5
-45 2
cfi=(36)
cfn=(102)
calls=1 +32 
* 6
+15 1
-15 2
+20 1
-1 1
+3 12
+4 3
-2 6
+2 10
+3 1
-1 1
+1 3
-3 4
+7 3
-1 3
+4 3
-2 3
+2 10
+5 2

fl=(147)
fn=(482)
561 4
+3 1
+2 2
+13 1
cfn=(486) _dlfo_process_initial
calls=1 474 
* 95
+1 1
-1 1
+1 1
fi=(28)
56 1
cfi=(27)
cfn=(76)
calls=1 -21 
* 25
fe=(147)
580 1
fi=(28)
56 1
fe=(147)
582 2
+3 2
+5 1
+1 1
cfn=(486)
calls=1 474 
* 358
+3 3
+10 4
-37 2
cfi=(148)
cfn=(484)
calls=1 95 
* 68
* 1
+29 2
cfn=(488) _dlfo_sort_mappings
calls=1 -60 
* 128
+3 6
+2 1

fn=(486)
474 2
+3 2
-3 2
+1 2
+3 4
+26 14
+1 6
+1 10
-1 20
+3 36
+3 32
-7 10
+25 2
+2 8
-18 24
+3 8
-1 8
cfi=(148)
cfn=(484)
calls=4 95 
* 247
+2 16

fn=(488)
536 1
+1 2
+3 4
+4 1
+1 1
-1 1
+1 2
-1 2
+1 2
-1 2
+1 10
+1 36
-1 18
+8 9
+1 6
-1 3
-13 6
+14 9
+1 6
-15 6
+17 1

fl=(64)
fn=(204)
25 4
+1 16
+1 4

fl=(25)
fn=(68)
28 3
+1 3
+3 48
+13 38
-13 76
+2 80
+1 18
+5 2
-3 2
+3 2
+2 2
+7 1

fl=(43)
fn=(124)
22 1
+5 1
+1 1
+1 1
+1 1
+1 1
+1 1
+1 1
+1 1
+3 1
+1 1
+1 1
+1 1
+1 1
+1 1
+1 1
+1 1
+1 1
+2 1
+1 1
+17 1
+1 1
+17 1
+1 1
+1 1
+1 1
+1 1
+4 1
+47 1
+1 1
+1 1
+1 1
+1 1
+1 1
+1 1
+1 1
+1 1
+1 1
+1 1
+1 1
+1 1

fl=(53)
fn=(168)
30 6
+2 6
+9 6
+1 12
+1 6
+4 6
+1 6
+1 6
+1 6
+1 6
+2 12
+2 6
+1 6
+1 6
+2 12
+2 6
+8 6
+3 6
+1 6
+7 6
+1 6

ob=(4)
fl=(136)
fn=(434)
26 1
fi=(130) ./math/../sysdeps/x86_64/fpu/multiarch/ifunc-fma.h
+3 4
+1 3
fe=(136)
-4 1

fl=(142)
fn=(464)
27 1
fi=(139) ./math/../sysdeps/x86_64/fpu/multiarch/ifunc-fma4.h
+4 4
+1 2
fe=(142)
-5 1

fn=(454)
35 1
fi=(139)
-4 4
+1 2
+3 1
fe=(142)

fl=(135)
fn=(430)
27 1
fi=(130)
+2 4
+1 3
fe=(135)
-3 1

fl=(145)
fn=(468)
27 1
fi=(130)
+2 4
+1 3
fe=(145)
-3 1

fl=(137)
fn=(438)
30 1
fi=(130)
-1 4
+1 4
fe=(137)

fl=(141)
fn=(450)
27 1
fi=(132) ./math/../sysdeps/x86_64/fpu/multiarch/ifunc-avx-fma4.h
+5 5
+1 2
fe=(141)
-6 1

fl=(134)
fn=(426)
34 1
fi=(132)
-2 5
+1 2
fe=(134)
+1 1

fn=(476)
27 1
fi=(132)
+5 5
+1 2
fe=(134)
-6 1

fl=(133)
fn=(422)
27 1
fi=(130)
+2 4
+1 3
fe=(133)
-3 1

fl=(144)
fn=(462)
49 6

fl=(131)
fn=(418)
27 1
fi=(132)
+5 5
+1 2
fe=(131)
-6 1

fl=(146)
fn=(472)
26 1
fi=(132)
+6 5
+1 2
fe=(146)
-7 1

fl=(214)
fn=(774)
34 4
+1 12
+3 4
cfi=(215) ./math/../sysdeps/ieee754/dbl-64/e_sqrt.c
cfn=(776) __sqrt_finite@GLIBC_2.15
calls=4 +14 
* 12

fl=(215)
fn=(776)
52 4
+2 4
+92 4

fl=(140)
fn=(446)
27 1
fi=(130)
+2 4
+1 3
fe=(140)
-3 1

fl=(143)
fn=(458)
26 1
fi=(130)
+3 4
+1 3
fe=(143)
-4 1

fl=(168)
fn=(896) 0x000000000000e3b0
0 5

fn=(886)
0 9
cob=(2)
cfi=(51)
cfn=(892)
calls=1 0 
0 74
0 1
cfn=(896)
calls=1 0 
0 5
0 3

fn=(576)
0 12

fl=(129)
fn=(414)
26 1
fi=(130)
+3 4
+1 3
fe=(129)
-4 1

fl=(138)
fn=(442)
27 1
fi=(139)
+4 4
+1 2
fe=(138)
-5 1

ob=(3)
fl=(196)
fn=(704)
26 6
+1 9
cfi=(197) ./stdlib/../stdlib/strtol.c
cfn=(706) strtol
calls=3 +78 
* 310
+1 6

fl=(205) ./stdlib/./stdlib/mul.c
fn=(730) __mpn_mul
48 136
+6 16
+12 16
+76 88
-71 8
+1 16
+9 8
cfi=(206) ./stdlib/../sysdeps/x86_64/mul_1.S
cfn=(732) __mpn_mul_1
calls=8 -50 
* 264
+2 24
+1 8
+4 16

fl=(82)
fn=(292)
31 2
fi=(83) ./string/../sysdeps/x86_64/multiarch/ifunc-avx2.h
+2 10
-1 4
+2 6
+2 4
+4 6
+3 8
fe=(82)
-12 2

fl=(218) ./stdlib/./stdlib/divrem.c
fn=(784) __mpn_divrem
46 208
+3 32
+13 16
+1 16
-16 16
+18 32
+7 64
+1 4
-1 8
+1 8
-1 8
+4 32
+3 16
234 144

fl=(119)
fn=(386)
29 1
fi=(120) ./wcsmbs/../sysdeps/x86_64/multiarch/ifunc-memcmp.h
+5 2
+1 1
-1 2
+1 2
+1 2
+1 3
+2 2
+4 3
+3 3
fe=(119)
-17 1

fl=(226) ./stdlib/./stdlib/cxa_thread_atexit_impl.c
fn=(830) __call_tls_dtors
149 4
+1 4
+18 4

fl=(223)
fn=(804)
25 2
+1 4
+2 4
+34 6
+3 2

fl=(93)
fn=(316)
31 2
fi=(94) ./wcsmbs/../sysdeps/x86_64/multiarch/ifunc-avx2.h
+2 10
-1 4
+2 6
+2 4
+4 6
+3 8
fe=(93)
-12 2

fl=(175) ./setjmp/./setjmp/sigjmp.c
fn=(614) __sigjmp_save
28 3
+2 2
-1 1
+5 3

fl=(182) ./libio/./libio/genops.c
fn=(914) _IO_default_setbuf
452 2
fi=(194) ./libio/./libio/libioP.h
940 1
fe=(182)
452 2
fi=(194)
940 1
fe=(182)
452 1
fi=(194)
940 1
fe=(182)
452 4
+1 1
fi=(194)
942 2
+1 2
fe=(182)
453 2
cfi=(181) ./libio/./libio/fileops.c
cfn=(916) _IO_file_sync@@GLIBC_2.2.5
calls=1 792 
* 18
* 2
+4 1
330 1
462 1
-7 2
332 2
+5 1
-5 1
+5 1
467 1
332 1
466 4
+2 6
-11 1
+1 2
-1 1
330 4

fn=(750) __overflow
199 354
+2 354
+2 118
fi=(194)
940 354
+2 236
+1 236
fe=(182)
203 118
+1 236
-1 118
cfi=(181)
cfn=(640) _IO_file_overflow@@GLIBC_2.2.5
calls=118 731 
* 4012

fn=(904) _IO_cleanup
863 2
+3 1
-3 9
-77 1
+80 1
cfn=(906) _IO_flush_all_lockp
calls=1 686 
* 126
-80 2
+80 1
-80 3
cfi=(180) ./nptl/./nptl/libc-cleanup.c
cfn=(636) __libc_cleanup_push_defer
calls=1 24 
* 10
+1 9
+3 1
-3 2
+3 2
fi=(194)
940 4
fe=(182)
838 3
-48 9
+9 9
+2 6
+6 13
+8 5
+9 1
fi=(194)
942 2
+1 2
fe=(182)
824 4
cfi=(181)
cfn=(912) _IO_file_setbuf@@GLIBC_2.2.5
calls=1 381 
* 83
+2 3
+4 5
+1 8
+11 9
+1 2
cfi=(180)
cfn=(698) __libc_cleanup_pop_restore
calls=1 39 
* 8
+35 12
-59 1
-2 1
+3 1
-3 1
+2 3

fn=(678) _IO_setb
329 9
+1 4
+5 2
-3 1
+3 4
+3 4

fn=(682) _IO_default_xsputn
371 14
+3 28
-3 112
fi=(194)
940 14
fe=(182)
371 14
fi=(194)
940 14
fe=(182)
371 14
fi=(194)
940 14
fe=(182)
371 28
+28 589
fi=(194)
942 374
+1 374
fe=(182)
399 748
cfi=(181)
cfn=(640)
calls=187 731 
* 6358
* 374
+2 187
-22 991
+25 14
-29 14
+29 98

fn=(642) _IO_doallocbuf
343 1
+1 2
-1 3
+3 4
+1 1
fi=(194)
940 3
+2 2
+1 2
fe=(182)
347 2
cfi=(183) ./libio/./libio/filedoalloc.c
cfn=(644) _IO_file_doallocate
calls=1 78 
* 1920
* 2
+3 4

fn=(906)
686 12
+5 6
cfi=(180)
cfn=(636)
calls=1 24 
* 10
+1 9
+3 1
-8 1
+5 2
+3 2
fi=(194)
940 4
fe=(182)
709 6
+2 3
-16 9
+2 3
+1 6
+3 21
+14 9
+1 2
cfi=(180)
cfn=(698)
calls=1 39 
* 8
+4 12

fl=(167)
fn=(570)
83 1
+1 4
+1 3
+1 3
+2 1

fl=(178) ./stdio-common/./stdio-common/vfprintf-internal.c
fn=(630) __vfprintf_internal
1180 641976
+30 267490
+8 160495
+4 267490
+11 106996
+11 53498
fi=(200) ./stdio-common/./stdio-common/printf-parse.h
111 106996
fe=(178)
1244 267490
fi=(200)
111 53498
cob=(2)
cfi=(51)
cfn=(632)
calls=53498 0 
* 1123485
fe=(178)
1259 53498
fi=(200)
111 53498
fe=(178)
1259 160494
239 53498
fi=(240) ./stdio-common/../libio/libioP.h
940 53498
fe=(178)
1263 53498
fi=(240)
942 53498
-2 53498
fe=(178)
1263 53498
fi=(240)
940 106996
+2 106996
+1 106996
fe=(178)
239 213992
cfi=(181)
cfn=(638) _IO_file_xsputn@@GLIBC_2.2.5
calls=53498 1197 
* 4553838
* 106996
127 481482
1263 106996
+4 160494
+4 427984
1532 53498
1214 53498
+34 53498
-8 53498
1532 160494
+23 53498
-39 53498
+39 53498
-39 53498
+39 106996
1313 802860
+39 53524
-51 53524
-1 53524
-1 53524
-1 53524
+5 53524
1501 53524
fi=(200)
88 53524
fe=(178)
1352 53524
-46 53524
-4 53524
+50 53524
1501 53524
1295 53524
-1 53524
-1 53524
-1 53524
-1 53524
+16 107048
1608 106996
+1 106996
+3 641976
-4 481482
1499 36
+33 36
+3 612
+20 36
1218 106994
+41 213992
cfi=(180)
cfn=(636)
calls=53498 24 
* 534980
+1 695474
-1 106996
1609 106996
cfi=(180)
cfn=(698)
calls=53498 39 
* 427984
+2 53498
-56 198
+9 40
-47 76
-1 695526
cfi=(192) ./stdio-common/./stdio-common/_itoa.c
cfn=(684) _itoa_word
calls=53502 163 
* 2273024
* 1658574
192 107004
+47 53502
fi=(240)
942 160506
+1 107004
fe=(178)
239 214008
cfi=(181)
cfn=(638)
calls=53502 1197 
* 4327616
* 107004
127 695554
1517 107012
-1 16
-94 16
-1 16
+1 32
+26 48
+15 53694
+53 107004
+73 53524
fi=(200)
111 53524
fe=(178)
1583 53524
fi=(200)
111 107048
cob=(2)
cfi=(51)
cfn=(632)
calls=53524 0 
* 1124013
fe=(178)
239 53524
fi=(240)
942 53524
fe=(178)
1593 53524
fi=(200)
111 53524
fi=(240)
942 53524
fe=(178)
1593 53524
fi=(240)
942 53524
+1 107048
fe=(178)
239 214096
cfi=(181)
cfn=(638)
calls=53524 1197 
* 12476637
* 107048
127 695812
1593 107048
+2 160546
-79 107004
-48 19
fi=(200)
76 19
+2 19
-2 19
+2 19
-2 19
+2 95
fe=(178)
1408 38
1516 963036
192 107004
+4 54
cfi=(216) ./libio/./libio/iopadn.c
cfn=(778) _IO_padn
calls=6 37 
* 820
+4 18
-73 72
1516 30
1415 38
+3 76
1556 18
351 18
+1 18
1556 18
352 36
-1 36
1559 36
127 126
354 18
cfi=(201) ./stdio-common/./stdio-common/printf_fp.c
cfn=(720) __printf_fp
calls=18 1278 
* 29118
* 18
1392 107004
1516 428016
+1 12
-99 190
+99 8
cob=(2)
cfi=(51)
cfn=(746)
calls=4 0 
* 64
* 8
-1 535020
fi=(200)
78 96
fe=(178)
239 4
fi=(240)
942 12
+1 8
fe=(178)
239 16
cfi=(181)
cfn=(638)
calls=4 1197 
* 477
* 8
127 24
1516 107010

fl=(88)
fn=(304)
29 1
fi=(89) ./string/../sysdeps/x86_64/multiarch/ifunc-memset.h
+21 5
+3 3
+7 2
+9 2
+2 2
+10 2
+8 2
+2 5
fe=(88)

fl=(96)
fn=(322)
28 1
fi=(83)
+5 5
-1 2
+2 3
+2 2
+4 3
+3 4
fe=(96)
-15 1

fl=(230)
fn=(846)
30 6
+3 6
-3 21
+3 12
+3 9
+4 18
-4 9
+58 12
+4 18
-4 9
+11 6
+1 6
cfi=(231) ./posix/./posix/register-atfork.c
cfn=(848) __unregister_atfork
calls=3 -30 
* 48
+1 12
+1 24

fl=(109)
fn=(356)
29 1
fi=(110) ./string/../sysdeps/x86_64/multiarch/ifunc-memcmp.h
+5 2
+1 1
-1 2
+1 2
+1 2
+1 3
+2 2
+4 3
+3 3
fe=(109)
-17 1

fl=(190) ./misc/./misc/sbrk.c
fn=(674) sbrk
37 4
+6 2
-6 2
+3 2
-3 4
+3 2
+3 2
+20 1
+15 10
-20 4
+1 2
cfi=(191) ./misc/../sysdeps/unix/sysv/linux/brk.c
cfn=(676) brk
calls=1 -24 
* 9
* 2
+4 1
-1 4
+4 4
+8 1
cfi=(191)
cfn=(676)
calls=1 -39 
* 9
* 2

fl=(121)
fn=(390)
33 1
fi=(100) ./string/../sysdeps/x86_64/multiarch/ifunc-strcpy.h
+3 2
+1 1
-1 2
+1 2
+2 2
+4 3
+3 3
fe=(121)
-13 1

fl=(95)
fn=(320)
61 1
-20 2
+1 1
-1 2
-1 2
+2 2
+2 2
+4 3
+3 3
+10 1

fl=(115)
fn=(372)
29 1
fi=(100)
+7 2
+1 1
-1 2
+1 2
+2 2
+4 3
+3 3
fe=(115)
-17 1

fl=(85)
fn=(298)
65 1
-24 2
+1 1
-1 2
+1 2
+2 2
+5 3
+3 3
+13 1

fl=(122)
fn=(394)
29 1
fi=(123) ./string/../sysdeps/x86_64/multiarch/ifunc-evex.h
+6 5
-1 2
+2 3
+5 2
-3 2
+9 3
+3 4
fe=(122)
-21 1

fl=(172) ./csu/../sysdeps/nptl/libc_start_call_main.h
fn=(608) (below main)
29 4
+15 1
-15 5
+15 1
cfi=(173) ./setjmp/../sysdeps/x86_64/bsd-_setjmp.S
cfn=(610) _setjmp
calls=1 -16 
* 34
* 1
+2 2
+5 2
+1 2
+3 2
+3 6
cob=(6)
cfi=(176)
cfn=(616)
calls=1 257 
* 51283656
* 1
+16 1
cfi=(225) ./stdlib/./stdlib/exit.c
cfn=(826) exit
calls=1 +68 
* 1599

fl=(229)
fn=(836)
367 1
51 3
+1 2
367 1
57 2
+8 1
-3 1
-23 1
+1 2
+30 1
369 2
40 3
+1 2
+33 2
+6 4
+4 3
+3 3

fl=(97)
fn=(326)
29 2
fi=(92) ./string/../sysdeps/x86_64/multiarch/ifunc-memmove.h
+24 6
-1 4
+4 6
+14 4
+2 4
+8 4
+8 4
+2 10
fe=(97)

fl=(80)
fn=(288)
86 1
fi=(81) ./string/../sysdeps/x86/cacheinfo.h
-25 1
+3 3
+2 1
+1 1
-1 2
+7 3
+2 1
+1 1
-1 2
+5 2
+2 2
+1 2
+1 2
+2 2
fe=(80)
* 2

fl=(111)
fn=(360)
31 2
fi=(112) ./wcsmbs/../sysdeps/x86_64/multiarch/ifunc-wmemset.h
+2 10
+1 6
+2 4
+8 6
+3 8
fe=(111)
-16 2

fl=(116)
fn=(376)
31 1
fi=(241) ./string/../sysdeps/x86_64/multiarch/ifunc-strcasecmp.h
+1 5
fe=(116)
-1 1

fl=(207) ./stdlib/../sysdeps/x86_64/rshift.S
fn=(734) __mpn_rshift
28 15
+1 15
+1 15
+1 15
+13 15
+1 15
+16 15
+1 15
+1 15
+1 15
+1 15
+1 15
+1 15
+5 15
+1 15
+1 15
+1 15
+1 15

fl=(91)
fn=(312)
29 2
fi=(92)
+24 6
-1 4
+4 6
+14 4
+2 4
+8 4
+8 4
+2 10
fe=(91)

fl=(183)
fn=(644)
78 9
+6 4
fi=(194)
940 3
+2 2
+1 2
fe=(183)
84 3
cfi=(181)
cfn=(646) _IO_file_stat
calls=1 1146 
* 18
* 2
+2 4
+11 4
+4 2
cob=(2)
cfi=(51)
cfn=(652)
calls=1 0 
* 1815
* 1
+1 2
+2 4
cfi=(182)
cfn=(678)
calls=1 329 
* 24
+1 1
+1 8
-15 1
fi=(242) ./libio/../include/sys/sysmacros.h
-44 6
fe=(183)
+44 1
-2 2
+5 2

fl=(188) ./stdlib/../sysdeps/unix/sysv/linux/getrandom.c
fn=(660) getrandom
28 1
+1 7
+1 1

fl=(103)
fn=(342)
66 1
-25 4
+1 3
+2 2
+5 3
+3 3
+14 1

fl=(204) ./stdlib/../sysdeps/x86_64/lshift.S
fn=(728) __mpn_lshift
28 18
+1 18
+1 18
+2 18
+1 18
+1 18
+12 18
+1 18
+1 18
+1 18
+1 18
+1 18
+1 18
+6 18
+1 18
+1 18

fl=(113)
fn=(364)
29 1
fi=(83)
+4 5
-1 2
+2 3
+2 2
+4 3
+3 4
fe=(113)
-14 1

fl=(125)
fn=(400)
33 1
fi=(92)
+20 3
-1 2
+4 3
+14 2
+2 2
+8 2
+8 2
+2 5
fe=(125)

fl=(219)
fn=(792)
32 10
+1 3
fi=(220) ./posix/../sysdeps/unix/sysv/linux/x86/../sysconf.c
+16 8
fi=(221) ./posix/../sysdeps/posix/sysconf.c
+7 14
fi=(220)
-7 2
fe=(219)
-12 9
fi=(221)
+42 1
cfi=(222) ./misc/../sysdeps/unix/sysv/linux/getclktck.c
cfn=(798) __getclktck
calls=1 -50 
* 7
* 2
fe=(219)

fl=(114)
fn=(368)
31 1
fi=(83)
+2 5
-1 2
+2 3
+2 2
+4 3
+3 4
fe=(114)
-12 1

fl=(191)
fn=(676)
35 2
+1 8
+1 4
+6 2
+1 2

fl=(173)
fn=(610)
28 1
+2 1
+2 1
cfi=(174) ./setjmp/../sysdeps/x86_64/setjmp.S
cfn=(612) __sigsetjmp
calls=1 -2 
* 31

fl=(107)
fn=(350)
29 1
fi=(100)
+7 2
+1 1
-1 2
+1 2
+2 2
+4 3
+3 3
fe=(107)
-17 1

fl=(155) ./ctype/./ctype/ctype-info.c
fn=(508) __ctype_init
29 1
+2 7
+2 4
+2 4
+1 1

fl=(180)
fn=(698)
39 53500
+3 107000
+2 107000
+1 107000
+2 53500

fn=(636)
24 53500
+3 107000
+3 214000
+1 53500
+2 53500
+1 53500

fl=(86)
fn=(300)
29 1
fi=(87) ./wcsmbs/../sysdeps/x86_64/multiarch/ifunc-wcslen.h
+5 4
-1 2
+2 3
+2 2
+4 3
+3 3
fe=(86)
-15 1

fl=(192)
fn=(684)
163 107004
+3 214008
+2 107004
+9 1738004
+9 107004

fl=(197)
fn=(706)
105 3
+1 12
cfi=(198) ./stdlib/../stdlib/strtol_l.c
cfn=(708) ____strtol_l_internal
calls=3 225 
* 295

fl=(108)
fn=(354)
31 1
fi=(241)
+1 5
fe=(108)
-1 1

fl=(170)
fn=(586)
242 12
343 3
+1 3
cfi=(171) ./stdlib/./stdlib/cxa_atexit.c
cfn=(588) __cxa_atexit
calls=1 69 
* 71
+25 6
+6 2
-3 2
+10 2
cob=(2)
cfi=(51)
cfn=(602)
calls=1 0 
* 880
+2 2
+8 4
cfi=(172)
cfn=(608)
calls=1 29 
* 51285317
128 2
+6 3
+1 6
cob=(2)
cfi=(51)
cfn=(592)
calls=1 0 
* 7
* 1
+3 1
+1 2
+3 2
+1 2
-1 1
+2 7
+1 4
cob=(6)
cfi=(169)
cfn=(596)
calls=1 0 
* 12
-1 4

fl=(195) ./io/../sysdeps/unix/sysv/linux/write.c
fn=(696) write
25 53511
+1 374577
+1 53511

fl=(206)
fn=(732)
31 106
+1 106
+3 106
+1 106
+1 106
+1 106
+1 106
+2 106
+1 106
+2 106
+1 106
+1 106
+1 106
+1 92
+2 92
+1 92
+1 92
+1 92
+26 14
+1 14
+1 14
+1 14
+1 14
+1 14
+1 14
+1 14
+1 14
+26 14
+1 14
+1 14
+2 14
+1 14
+1 14
+1 14
+1 14
+1 14
+2 14
+3 14
-5 92
+2 92
+3 92

fl=(186)
fn=(664) tcache_init.part.0
3235 3
+9 8
+1 3
cfn=(666) _int_malloc
calls=1 1343 
* 367
* 1
+1 2
+8 4
+7 2
+2 1
+1 2
-1 1
+1 86
+3 4

fn=(668) sysmalloc
2548 27
+20 12
+11 6
+1 7
+26 1
+1 3
+1 1
+9 4
+6 3
+3 3
2941 2
+1 1
+5 2
+3 2
+5 2
-2 1
+2 1
-1 1
+1 1
-3 1
+3 1
+1 1
-1 3
+1 1
+2 2
2581 6
+4 6
+9 8
cfn=(760) sysmalloc_mmap.constprop.0
calls=2 2420 
* 126
+1 4
2964 33
2687 2
+9 4
+13 3
+8 5
+8 2
+39 2
+2 3
+6 2
+3 2
2896 1
-1 1
+1 3
+1 1
+11 2
fi=(187) ./malloc/./malloc/arena.c
565 1
fe=(186)
2727 1
cfi=(189) ./malloc/./malloc/morecore.c
cfn=(672) __glibc_morecore
calls=1 25 
* 57
+1 2
-1 1
+1 1
2028 1
2729 1
2028 1
2729 1
2028 2
2730 1
+3 2
+33 2
2610 2
2775 2
+40 3
+22 1
+1 1
-1 1
+1 6
+2 2
+1 3
cfi=(189)
cfn=(672)
calls=1 25 
* 28
+12 2
-12 1
+12 1
2028 4
2897 4
2765 2
-52 3

fn=(822) munmap_chunk
3044 2
+2 2
-1 2
+1 2
-1 2
+1 2
+2 4
+4 2
-1 4
+7 2
-8 2
+8 2
-6 2
+7 2
-1 4
+1 8
+3 2
+1 6
+5 2
+1 2
-1 2
cfi=(224) ./misc/../sysdeps/unix/syscall-template.S
cfn=(824) munmap
calls=2 117 
* 12

fn=(654)
3287 18
+7 6
1343 4
+19 12
3306 12
+3 4
+10 9
+28 15
1362 3
3304 9
-63 4
cfn=(664)
calls=1 -6 
* 484
+68 2
+1 4
+1 3
+10 12
cfn=(666)
calls=3 1343 
* 644
+1 15
fi=(187)
162 2
315 1
cfn=(658) ptmalloc_init.part.0
calls=1 -2 
* 1128
fe=(186)
1343 2

fn=(666)
1343 8
3771 4
1362 4
3771 32
1362 8
3904 1
+2 1
-2 1
+2 2
1362 8
3811 8
4397 8
3838 8
+63 8
+62 108
+1 9
4399 2
3903 1
4399 13
3983 1
+1 1
-1 2
-1 2
+2 2
-1 3
+1 3
-1 6
-1 6
+2 6
-2 9
+12 3
-6 3
+73 12
-67 10
-6 1
+73 4
-67 3
4413 36
4183 8
+2 9
+3 3
-3 3
+3 6
+68 8
+1 4
+1 4
-1 4
+1 4
+1 8
+1 12
+5 8
3963 8
4269 12
+3 8
-3 6
+3 4
-3 2
4369 4
+1 8
+2 8
+3 18
+17 9
3904 3
4380 1
-2 2
+2 1
-1 1
+6 1
-5 1
-3 1
+3 1
+2 1
-2 4
2005 1
4382 1
2005 2
4407 12
cfn=(668)
calls=3 2548 
* 445
* 3
+1 6
2005 9

fn=(820)
3352 2
+4 4
-4 2
+14 2
-14 4
+12 2
+4 2
-4 2
+4 4
+4 6
+2 8
+2 2
+1 2
-1 2
+1 2
+1 2
+3 4
cfn=(822)
calls=2 3044 
* 70
+13 2
+1 8

fn=(760)
2420 6
+13 6
+5 4
+3 18
cfi=(213) ./misc/../sysdeps/unix/sysv/linux/mmap64.c
cfn=(762) mmap
calls=2 47 
* 18
* 2
+3 4
+4 4
2028 8
2466 6
+19 2
-1 2
+5 2
-4 4
+4 4
+1 10
+3 6
+1 10
+5 10

fl=(208) ./nptl/./nptl/alloca_cutoff.c
fn=(736) __libc_alloca_cutoff
27 18
+1 162
+7 18

fl=(165) ./misc/./misc/init-misc.c
fn=(564) __init_misc
30 1
+1 2
-1 4
+1 3
+2 3
cob=(2)
cfi=(51)
cfn=(566)
calls=1 -33 
* 30
+4 5
+1 3
+2 4

fl=(164)
fn=(562)
46 4
+5 2
+4 5
+8 1
-2 1
+10 1
-9 1
+1 1
+9 2
-1 1
cfi=(165)
cfn=(564)
calls=1 -41 
* 55

fl=(193)
fn=(688)
294 160556
+1 160556
+1 160556
+1 160556
+17 160556
+1 160556
+42 160556
+1 160556
+2 160549
+1 160549
+2 160538
+4 160538
+1 160523
+1 160523
+1 160523
+1 160523
+1 106992
+1 106992
+2 106992
+2 106992
-2 53531
+2 53531
+6 15
+1 15
+1 15
+1 15
+1 15
+7 7
+1 7
+1 7
+1 7
+2 7
+17 11
+1 11
+1 11
+1 11
+1 11

fn=(690)
307 8
+1 8
+6 8
+1 8
+2 2
+1 2
+1 2
+38 6
+1 6
+36 6
+1 6
+1 6
+1 6
+2 6
+28 2
+1 2
+1 2
+1 2
+1 2
+1 2
+1 4
+5 2
+1 2
+5 2
+1 2
+2 2
+1 2
+1 2

fl=(154)
fn=(506)
33 7
+2 1
cfi=(155)
cfn=(508)
calls=1 -6 
* 17
+3 1
fi=(157) ./elf/../sysdeps/nptl/pthread_early_init.h
-5 2
fe=(154)
+8 1
-3 1
fi=(157)
-5 1
cfi=(156) ./resource/../sysdeps/unix/sysv/linux/getrlimit64.c
cfn=(510) getrlimit
calls=1 +5 
* 10
* 3
+1 6
+11 1
fi=(243) ./elf/../nptl/nptl-stack.h
+13 3
fi=(157)
-13 1
fi=(243)
+13 2
fi=(157)
-4 1
fi=(243)
+4 2
fi=(157)
-6 1
fi=(243)
+6 1
fi=(157)
-12 1
+6 6
+1 1
+4 1
cfi=(158) ./nptl/./nptl/pthread_mutex_conf.c
cfn=(514) __pthread_tunables_init
calls=1 -7 
* 928
fe=(154)
-10 3
+2 2
-2 1
cfi=(161) ./nptl/../sysdeps/unix/sysv/linux/x86/elision-conf.c
cfn=(528) __lll_elision_init
calls=1 +49 
* 147

fl=(189)
fn=(672)
25 2
+1 4
-1 2
+4 2
cfi=(190)
cfn=(674)
calls=2 +8 
* 67
+1 4
+4 4

fl=(104)
fn=(344)
31 1
fi=(241)
+1 5
fe=(104)
-1 1

fl=(231)
fn=(848)
76 6
+1 3
-1 3
+1 9
fi=(232) ./posix/../malloc/dynarray-skeleton.c
243 3
fe=(231)
65 6
+38 12
+1 6

fl=(201)
fn=(720)
1278 18
+1 18
-1 36
+1 54
cfn=(722) __printf_fp_l
calls=18 216 
* 28992

fn=(722)
216 288
+50 18
-9 18
+17 18
-8 54
+32 18
-21 18
-11 36
+11 36
fi=(202) ./stdio-common/../include/../locale/localeinfo.h
+38 54
fe=(201)
-35 36
+18 36
+8 18
-72 18
-1 18
388 18
-1 36
+5 36
+4 126
1272 216
396 108
cfi=(203) ./stdlib/../sysdeps/ieee754/dbl-64/dbl2mpn.c
cfn=(726) __mpn_extract_double
calls=18 33 
* 399
* 72
+36 18
+5 18
-49 18
+44 72
+1 18
+1 36
+3 216
+1 18
-1 18
+1 54
-1 18
+1 36
-1 18
+1 144
+1 18
-1 36
+1 234
+6 18
-6 36
+7 36
+17 2
+4 8
-4 4
+16 4
+11 2
-41 2
+10 2
+31 2
-30 14
+33 6
+41 2
+1 4
-1 2
+1 6
cob=(2)
cfi=(51)
cfn=(780)
calls=2 0 
* 26
+16 14
+9 22
+2 44
-74 48
-4 24
+4 98
-4 2
+4 8
+15 4
-13 8
+53 2
-2 12
cfi=(205)
cfn=(730)
calls=2 48 
* 150
+5 4
+1 4
+7 20
cob=(2)
cfi=(51)
cfn=(780)
calls=4 0 
* 52
+1 12
+1 12
+1 4
+3 4
-5 4
+1 4
+1 8
-1 4
+1 4
+5 8
+1 4
+6 4
+4 2
+4 2
-4 2
+4 4
-4 20
+6 4
831 18
+10 18
-10 18
+10 18
+6 18
-16 18
+10 36
+6 18
-6 36
+2 36
+10 32
+48 24
+14 18
+1 18
-1 72
+7 18
fi=(209) ./stdio-common/../sysdeps/pthread/allocalim.h
27 36
cfi=(208)
cfn=(736)
calls=18 * 
* 198
+2 54
fe=(201)
932 324
+4 18
-3 18
+3 56
+3 40
-6 32
+9 24
cfn=(740) hack_digit
calls=8 170 
* 514
* 8
-3 16
+3 32
+4 48
+2 16
-4 8
+4 8
+14 8
-2 24
+1 32
+1 16
+1 16
-1 10
-2 30
+1 40
+1 20
+1 56
+3 74
-1 74
+2 74
-1 74
cfn=(740)
calls=74 170 
* 4046
* 74
+3 148
-7 222
+1 204
437 36
548 6
963 54
+15 54
+1 72
cfn=(740)
calls=18 170 
* 1022
+2 54
-2 18
+2 90
+2 36
+3 20
-3 10
+8 78
-9 9
fi=(210) ./stdio-common/../sysdeps/generic/get-rounding-mode.h
94 9
+1 36
-1 9
+1 90
fi=(211) ./stdio-common/../include/rounding-mode.h
-43 46
+6 8
fe=(201)
1097 39
+7 26
+3 54
+13 54
+2 4
+20 2
-20 4
+19 4
+1 2
-1 4
+5 4
+14 6
+6 4
+2 4
-2 38
+2 32
-2 84
+2 90
+2 144
+1 40
+2 20
+7 90
+8 18
+7 18
-7 36
+7 36
+5 54
cob=(2)
cfi=(51)
cfn=(746)
calls=18 0 
* 288
+2 36
-2 18
+2 36
+5 54
+2 18
-2 18
+2 36
+11 288
+7 216
+3 200
+3 200
-6 300
+1 354
+1 36
-2 18
+2 18
cob=(2)
cfi=(51)
cfn=(686)
calls=18 0 
* 360
* 18
-2 36
+10 108
+17 90
+3 54
+11 54
1008 5
-5 15
+5 5
-1 5
+1 20
+5 10
+4 10
+11 10
+69 15
649 32
825 24
cfi=(204)
cfn=(728)
calls=6 28 
* 96
* 6
+1 30
+1 12
551 12
cfi=(217) ./stdlib/./stdlib/cmp.c
cfn=(782) __mpn_cmp
calls=4 31 
* 48
+3 4
-3 8
845 2
+2 6
+9 12
+2 12
-1 12
+10 12
-11 24
1151 6
840 34
1175 54
855 16
-7 16
+8 32
+3 64
+2 6
+40 6
-43 6
-1 6
+4 6
+2 12
-7 6
+5 6
-5 6
+45 12
665 30
+5 10
-5 10
cfi=(204)
cfn=(728)
calls=10 28 
* 160
+5 10
-18 10
+10 10
+3 10
+1 10
+24 10
-20 10
-4 40
+3 10
+1 20
+23 18
+1 12
+3 12
+1 6
-1 12
+1 6
+8 6
-7 12
+7 6
-9 6
+2 6
-2 6
+2 6
+7 12
+22 12
+61 119
-2 119
+2 458
675 119
+2 238
+7 6
+1 12
-1 6
+4 6
-4 6
+2 6
-2 12
+6 24
cfi=(205)
cfn=(730)
calls=6 48 
* 450
* 6
+5 18
+42 10
-1 5
+1 10
+5 15
-6 5
+6 5
+3 15
-37 4
+4 4
-2 2
+2 8
+16 6
+2 4
+1 1
1177 36
+77 1724
cfi=(182)
cfn=(750)
calls=118 199 
* 6136
* 236
883 36
474 2
-2 2
+2 2
-3 4
+3 4
-3 2
+3 4
-3 2
cfi=(204)
cfn=(728)
calls=2 28 
* 32
+4 18
+1 4
+1 10
260 26
1090 2
847 2
+4 2
956 20
-1 20
-1 10
+2 10
835 20
983 6
+3 2
+4 2
-4 4
643 4
791 27
+4 30
cfi=(206)
cfn=(732)
calls=6 31 
* 198
+4 12
+1 6
-4 6
+4 12
-4 6
+3 6
+1 24
+9 6
+1 6
-1 6
+4 48
1203 36
868 30
-89 10
cfi=(207)
cfn=(734)
calls=5 28 
* 90
+3 5
+7 5
-7 15
1171 5
cfi=(216)
cfn=(778)
calls=5 37 
* 653
* 7
608 2
-3 2
+3 14
+16 4
+2 2
-2 2
cfi=(207)
cfn=(734)
calls=2 28 
* 36
+3 4
-1 2
+1 2
-1 2
+1 6
cfi=(207)
cfn=(734)
calls=2 28 
* 36
+2 12
808 18
cfi=(207)
cfn=(734)
calls=6 28 
* 108
* 6
-62 10
+10 5
-3 5
+3 25
+13 15

fn=(740)
170 400
+3 372
+2 92
+2 184
-2 184
+8 32
+21 48
cfi=(206)
cfn=(732)
calls=16 31 
* 336
+1 32
+1 10
+4 80
-23 112
cfi=(218)
cfn=(784)
calls=16 46 
* 604
+2 16
-2 16
+2 48
+1 16
+2 32
+1 96
+7 32
-23 76
+1 228
-1 76
+1 76
cfi=(206)
cfn=(732)
calls=76 31 
* 1596
* 76
+31 76
+1 380
-37 216
+37 40

fl=(203)
fn=(726)
33 54
+4 36
-2 18
+2 18
+1 90
+9 36
+9 18
-9 18
+9 36
+4 6
+2 3
+45 6
-4 15
+4 15
-4 15
+4 15

fl=(166)
fn=(568)
46 1
+1 1
+1 1
+2 1
+1 1
+3 1
+1 1
+1 1
+2 1
+1 1
+1 1
+1 1
+1 1
+1 1
+2 1
+1 1
+12 1
+1 1
219 1
+1 1
+1 1
+1 1
+1 1
+2 1
+1 1
+1 1
+1 2

fl=(216)
fn=(778)
37 66
+8 11
-8 77
+7 22
+10 33
-13 22
+21 22
+2 11
fi=(194)
940 33
+2 22
+1 22
fe=(216)
64 44
cfi=(181)
cfn=(638)
calls=11 1197 
* 945
+1 11
+3 132

fl=(217)
fn=(782)
31 4
+4 8
+2 4
+1 4
+1 8
+8 20

fl=(98)
fn=(330)
30 1
fi=(94)
+3 5
-1 2
+2 3
+2 2
+4 3
+3 4
fe=(98)
-13 1

fl=(181)
fn=(646)
1146 1
+1 2
cfi=(184) ./io/../sysdeps/unix/sysv/linux/fstat64.c
cfn=(648) fstat
calls=1 29 
* 15

fn=(680) _IO_do_write@@GLIBC_2.2.5
423 53512
+2 160536
+1 1
-3 53511
fi=(194)
940 53511
fe=(181)
423 107022
fi=(194)
940 53511
fe=(181)
423 53511
fi=(194)
940 107022
fe=(181)
423 267555
+20 53511
-10 107022
+7 214044
fi=(194)
942 107022
+1 107022
fe=(181)
448 214044
cfn=(694) _IO_file_write@@GLIBC_2.2.5
calls=53511 1173 
* 2461506
* 53511
+1 267555
+2 53511
+4 107022
-3 107022
-1 107022
+4 107022
-2 53511
-28 214044
+1 428088
+28 107022

fn=(916)
792 5
+5 4
+2 1
+1 2
+11 2
+4 4

fn=(640)
731 269085
+1 215268
+7 269083
+37 53816
-2 107632
+3 610
+3 915
+1 915
+1 1220
+4 305
+1 1220
-45 2
+12 2
+9 3
+5 3
+2 2
-3 2
+3 1
+1 1
-6 1
+1 1
+5 4
+1 1
+2 2
+13 53512
-12 53512
+1 53512
+11 107024
-12 53512
cfn=(680)
calls=53512 423 
* 5779193
-31 2
cfi=(182)
cfn=(642)
calls=1 343 
* 1946
+1 1
+9 1
-9 5

fn=(638)
1197 802695
+7 160539
-7 481617
+6 642156
+9 321078
-2 642156
+17 3
+6 160538
+2 160538
+2 321076
-2 160538
+1 160538
+1 160538
-2 160538
cob=(2)
cfi=(51)
cfn=(686)
calls=160538 0 
* 3424661
* 160538
+4 321076
+28 1444851
-55 160538
+4 160538
-4 160538
+1 321076
+18 1
+12 1
fi=(194)
940 3
+2 2
+1 2
fe=(181)
1243 53511
fi=(194)
940 160533
+2 107022
+1 107022
fe=(181)
1243 160536
cfn=(640)
calls=53512 731 
* 7011944
* 107024
+6 107024
+1 374584
+2 107024
+11 160536
+1 56
cfi=(182)
cfn=(682)
calls=14 371 
* 10373
+2 42
-48 992841
-2 1090002
+4 53511
+11 160533
443 107022

fn=(912)
381 3
+1 1
cfi=(182)
cfn=(914)
calls=1 +70 
* 69
* 2
+3 1
+4 2
-2 3
+3 2

fn=(694)
1173 374577
+2 321066
+5 53511
cfi=(195)
cfn=(696)
calls=53511 25 
* 481599
+1 107022
+5 53511
+1 53511
-12 107022
+4 160533
+1 107022
+10 160533
+3 321066
-4 160533

fl=(174)
fn=(612)
30 1
+2 1
+9 1
+1 2
+1 1
+4 1
+1 1
+1 1
+1 1
+1 1
+2 2
+2 1
+1 1
+1 1
+2 2
+2 1
+5 1
+1 1
+17 1
cfi=(175)
cfn=(614)
calls=1 -56 
* 9

fl=(228)
fn=(834)
77 1
+3 3
+2 1
+2 2
-7 2
+11 2
+79 1
+3 1
+2 1
+3 1
+2 1
+1 3
-81 2
+11 4
+4 1
+3 2
-71 1
+1 8
+1 1
+84 3
+1 2

fl=(84)
fn=(296)
29 1
fi=(244) ./string/../sysdeps/x86_64/multiarch/ifunc-sse4_2.h
+1 5
fe=(84)
-1 1

fl=(161)
fn=(528)
96 2
+5 1
-5 1
+5 1
-5 3
+5 3
cob=(2)
cfi=(51)
cfn=(516)
calls=1 0 
* 22
+2 4
cob=(2)
cfi=(51)
cfn=(516)
calls=1 0 
* 22
+2 4
cob=(2)
cfi=(51)
cfn=(516)
calls=1 0 
* 22
+2 4
cob=(2)
cfi=(51)
cfn=(516)
calls=1 0 
* 22
+2 4
cob=(2)
cfi=(51)
cfn=(516)
calls=1 0 
* 22
+4 3
+1 1
+1 6

fl=(179)
fn=(634)
51 107022
+2 107022
+1 107022
+1 107022
+1 107022
+1 107022
+3 107022
+1 107022
+4 107022
+1 107022
+1 107022
+1 107022
+1 107022
+1 107022
+1 107022
+1 107018
+6 107018
+1 214036
+27 4
+1 4
+6 4
+1 8
+31 4
+4 4
+1 4
+1 4
+1 4
+1 4
+1 4
+1 4

fl=(158)
fn=(514)
50 2
+1 2
-1 4
+1 3
cob=(2)
cfi=(51)
cfn=(516)
calls=1 -51 
* 884
+2 4
cob=(2)
cfi=(51)
cfn=(516)
calls=1 -53 
* 23
+2 6

fl=(185) ./io/../sysdeps/unix/sysv/linux/fstatat64.c
fn=(650) fstatat
153 2
-55 2
+70 3
+1 1

fl=(184)
fn=(648)
29 2
+1 2
+5 3
cfi=(185)
cfn=(650)
calls=1 153 
* 8

fl=(127)
fn=(406)
31 1
fi=(123)
+4 5
-1 2
+2 3
+5 2
-3 2
+9 3
+3 4
fe=(127)
-19 1

fl=(187)
fn=(658)
313 1
fi=(186)
3162 3
fe=(187)
313 5
+5 1
fi=(186)
3162 2
cfi=(188)
cfn=(660)
calls=1 28 
* 9
* 2
fe=(187)
343 2
+4 3
fi=(186)
1966 4
+3 1
-3 1
+3 2
-3 2
+3 126
-3 126
+3 252
-3 252
fe=(187)
352 3
fi=(186)
1977 1
+1 1
+2 1
fe=(187)
352 1
cob=(2)
cfi=(51)
cfn=(516)
calls=1 0 
* 23
+1 4
cob=(2)
cfi=(51)
cfn=(516)
calls=1 0 
* 22
+1 4
cob=(2)
cfi=(51)
cfn=(516)
calls=1 0 
* 23
+1 4
cob=(2)
cfi=(51)
cfn=(516)
calls=1 0 
* 23
+1 4
cob=(2)
cfi=(51)
cfn=(516)
calls=1 0 
* 22
+1 4
cob=(2)
cfi=(51)
cfn=(516)
calls=1 0 
* 23
+1 4
cob=(2)
cfi=(51)
cfn=(516)
calls=1 0 
* 23
+2 4
cob=(2)
cfi=(51)
cfn=(516)
calls=1 0 
* 23
+1 4
cob=(2)
cfi=(51)
cfn=(516)
calls=1 0 
* 23
+1 4
cob=(2)
cfi=(51)
cfn=(516)
calls=1 0 
* 23
+3 4
cob=(2)
cfi=(51)
cfn=(516)
calls=1 0 
* 23
+1 4
cob=(2)
cfi=(51)
cfn=(516)
calls=1 0 
* 23
+1 2
+63 7

fl=(117)
fn=(378)
29 1
fi=(83)
+4 5
-1 2
+2 3
+2 2
+4 3
+3 4
fe=(117)
-14 1

fl=(99)
fn=(334)
31 1
fi=(100)
+5 2
+1 1
-1 2
+1 2
+2 2
+4 3
+3 3
fe=(99)
-15 1

fl=(224)
fn=(824)
117 10
+5 2

fl=(233) ./posix/../sysdeps/unix/sysv/linux/_exit.c
fn=(918) _Exit
27 2
+3 1
+1 2

fl=(126)
fn=(404)
31 1
fi=(241)
+1 5
fe=(126)
-1 1

fl=(101)
fn=(338)
31 2
fi=(102) ./wcsmbs/../sysdeps/x86_64/multiarch/ifunc-evex.h
+4 10
-1 4
+2 6
+5 4
-3 4
+9 6
+3 8
fe=(101)
-19 2

fl=(177)
fn=(628)
28 535046
+4 6
+1 12
-1 12
+1 6
-1 6
+1 6
-1 6
+1 6
-1 6
+1 6
cfi=(178)
cfn=(630)
calls=6 1180 
* 57558
-5 160476
+4 53492
+1 106984
-1 106984
+1 53492
-1 53492
+1 53492
-1 53492
+1 53492
-1 53492
+1 53492
cfi=(178)
cfn=(630)
calls=53492 1180 
* 44794848
+4 267490

fl=(90)
fn=(308)
29 1
fi=(87)
+5 4
-1 2
+2 3
+2 2
+4 3
+3 3
fe=(90)
-15 1

fl=(105)
fn=(346)
29 1
fi=(244)
+1 5
fe=(105)
-1 1

fl=(124)
fn=(398)
29 1
fi=(244)
+1 5
fe=(124)
-1 1

fl=(222)
fn=(798)
29 1
+1 5
+1 1

fl=(225)
fn=(828) __run_exit_handlers
40 11
+5 2
+3 5
+50 1
-42 1
+2 3
+8 6
+2 1
+3 1
-3 1
+3 6
+34 1
+1 1
+1 1
-2 1
+7 1
-3 2
+3 3
+1 3
cob=(1)
cfi=(227)
cfn=(832)
calls=1 -82 
* 1130
+1 4
+10 2
+1 2
-63 1
+69 4
+2 2
+1 6
cfi=(182)
cfn=(904)
calls=1 863 
* 365
* 3
+2 2
cfi=(233)
cfn=(918)
calls=1 27 
* 5
-90 1
cfi=(226)
cfn=(830)
calls=1 149 
* 12
* 1

fn=(826)
142 3
+1 3
-1 1
+1 1
cfn=(828)
calls=1 40 
* 1591

fl=(171)
fn=(588)
69 9
-28 2
+2 6
+1 2
cfn=(590) __new_exitfn
calls=1 +38 
* 32
+2 2
+10 1
+2 1
-5 3
+3 1
-1 1
+4 2
+1 1
-1 2
+12 6

fn=(590)
82 1
+6 2
-6 4
+11 4
-10 2
+12 4
-2 1
+10 1
-10 3
+45 1
+5 1
-4 1
+4 4
-18 1
-1 1
+1 1

fl=(156)
fn=(510)
38 2
+1 7
+1 1

fl=(213)
fn=(762)
47 4
+3 4
+8 8
+2 2

fl=(118)
fn=(382)
29 1
fi=(100)
+7 2
+1 1
-1 2
+1 2
+2 2
+4 3
+3 3
fe=(118)
-17 1

fl=(212)
fn=(748)
50 22
+13 22
+1 22
+1 22
+3 22
+2 22
+1 22
+3 22
+1 22
+8 22
+1 22
+1 22
+5 44

fl=(106)
fn=(348)
43 1
-6 5
+6 1

fl=(198)
fn=(708)
225 9
+54 3
-54 12
+19 3
-19 9
+14 3
-14 3
+26 6
+31 12
+9 18
+2 6
+5 6
-1 3
+6 6
+4 6
+10 2
+10 4
-82 2
377 1
+56 4
309 3
449 3
+10 9
-10 3
+10 3
+12 6
-5 3
+5 3
+1 9
-41 6
+2 6
+2 9
+28 9
+3 6
+11 6
+5 9
+6 6
324 2
491 9
-2 6
+17 15
+18 24
309 4
+15 4
+3 6
-82 2
377 2
-50 4

totals: 51441980
